
Loading design for application trce from file makefpga_implementation.ncd.
Design name: MakeFPGA_Top
NCD version: 3.3
Vendor:      LATTICE
Device:      LCMXO2-1200HC
Package:     QFN32
Performance: 4
Loading device for application trce from file 'xo2c1200.nph' in environment: C:/Program Files/Lattice/diamond/3.13/ispfpga.
Package Status:                     Final          Version 1.44.
Performance Hardware Data Status:   Final          Version 34.4.
Setup and Hold Report

--------------------------------------------------------------------------------
Lattice TRACE Report - Setup, Version Diamond (64-bit) 3.13.0.56.2
Mon Aug 12 22:54:24 2024

Copyright (c) 1991-1994 by NeoCAD Inc. All rights reserved.
Copyright (c) 1995 AT&T Corp.   All rights reserved.
Copyright (c) 1995-2001 Lucent Technologies Inc.  All rights reserved.
Copyright (c) 2001 Agere Systems   All rights reserved.
Copyright (c) 2002-2023 Lattice Semiconductor Corporation,  All rights reserved.

Report Information
------------------
Command line:    trce -v 10 -gt -sethld -sp 4 -sphld m -o MakeFPGA_Implementation.twr -gui -msgset C:/Users/enact/Projects/Fipsy-FPGA-edu/Examples/FipsyV2 - XO2-1200/6. Echo/project_files/promote.xml MakeFPGA_Implementation.ncd MakeFPGA_Implementation.prf 
Design file:     makefpga_implementation.ncd
Preference file: makefpga_implementation.prf
Device,speed:    LCMXO2-1200HC,4
Report level:    verbose report, limited to 10 items per preference
--------------------------------------------------------------------------------

BLOCK ASYNCPATHS
BLOCK RESETPATHS
--------------------------------------------------------------------------------


Derating parameters
-------------------
Voltage:    3.300 V

VCCIO Voltage:
                   3.300 V (Bank 0, defined by PAR)
                   3.300 V (Bank 1, defined by PAR)
                   3.300 V (Bank 2, defined by PAR)
                   3.300 V (Bank 3, defined by PAR)



================================================================================
Preference: FREQUENCY NET "PIN11_c" 2.080000 MHz ;
            1346 items scored, 0 timing errors detected.
--------------------------------------------------------------------------------


Passed: The following path meets requirements by 234.764ns (weighted slack = 469.528ns)

 Logical Details:  Cell type  Pin type       Cell/ASIC name  (clock net +/-)

   Source:         FF         Q              TX0/ready_53_i1  (from PIN11_c -)
   Destination:    FF         Data in        TX0/shifter_i1  (to PIN11_c +)
                   FF                        TX0/shifter_i0

   Delay:               5.339ns  (27.0% logic, 73.0% route), 3 logic levels.

 Constraint Details:

      5.339ns physical path delay TX0/SLICE_54 to SLICE_93 meets
    240.385ns delay constraint less
      0.000ns skew and
      0.282ns CE_SET requirement (totaling 240.103ns) by 234.764ns

 Physical Path Details:

      Data path TX0/SLICE_54 to SLICE_93:

   Name    Fanout   Delay (ns)          Site               Resource
REG_DEL     ---     0.452     R7C14D.CLK to      R7C14D.Q0 TX0/SLICE_54 (from PIN11_c)
ROUTE         5     0.978      R7C14D.Q0 to      R7C12C.D1 TX0/baud_en
CTOF_DEL    ---     0.495      R7C12C.D1 to      R7C12C.F1 SLICE_91
ROUTE         3     0.445      R7C12C.F1 to      R7C12C.C0 TX0/n724
CTOF_DEL    ---     0.495      R7C12C.C0 to      R7C12C.F0 SLICE_91
ROUTE        12     2.474      R7C12C.F0 to      R7C14B.CE TX0/PIN11_c_enable_39 (to PIN11_c)
                  --------
                    5.339   (27.0% logic, 73.0% route), 3 logic levels.

 Clock Skew Details: 

      Source Clock Path OSCH_inst to TX0/SLICE_54:

   Name    Fanout   Delay (ns)          Site               Resource
ROUTE        76     3.541        OSC.OSC to     R7C14D.CLK PIN11_c
                  --------
                    3.541   (0.0% logic, 100.0% route), 0 logic levels.

      Destination Clock Path OSCH_inst to SLICE_93:

   Name    Fanout   Delay (ns)          Site               Resource
ROUTE        76     3.541        OSC.OSC to     R7C14B.CLK PIN11_c
                  --------
                    3.541   (0.0% logic, 100.0% route), 0 logic levels.


Passed: The following path meets requirements by 234.764ns (weighted slack = 469.528ns)

 Logical Details:  Cell type  Pin type       Cell/ASIC name  (clock net +/-)

   Source:         FF         Q              TX0/ready_53_i1  (from PIN11_c -)
   Destination:    FF         Data in        TX0/shifter_i16  (to PIN11_c +)
                   FF                        TX0/shifter_i15

   Delay:               5.339ns  (27.0% logic, 73.0% route), 3 logic levels.

 Constraint Details:

      5.339ns physical path delay TX0/SLICE_54 to TX0/SLICE_73 meets
    240.385ns delay constraint less
      0.000ns skew and
      0.282ns CE_SET requirement (totaling 240.103ns) by 234.764ns

 Physical Path Details:

      Data path TX0/SLICE_54 to TX0/SLICE_73:

   Name    Fanout   Delay (ns)          Site               Resource
REG_DEL     ---     0.452     R7C14D.CLK to      R7C14D.Q0 TX0/SLICE_54 (from PIN11_c)
ROUTE         5     0.978      R7C14D.Q0 to      R7C12C.D1 TX0/baud_en
CTOF_DEL    ---     0.495      R7C12C.D1 to      R7C12C.F1 SLICE_91
ROUTE         3     0.445      R7C12C.F1 to      R7C12C.C0 TX0/n724
CTOF_DEL    ---     0.495      R7C12C.C0 to      R7C12C.F0 SLICE_91
ROUTE        12     2.474      R7C12C.F0 to      R8C14A.CE TX0/PIN11_c_enable_39 (to PIN11_c)
                  --------
                    5.339   (27.0% logic, 73.0% route), 3 logic levels.

 Clock Skew Details: 

      Source Clock Path OSCH_inst to TX0/SLICE_54:

   Name    Fanout   Delay (ns)          Site               Resource
ROUTE        76     3.541        OSC.OSC to     R7C14D.CLK PIN11_c
                  --------
                    3.541   (0.0% logic, 100.0% route), 0 logic levels.

      Destination Clock Path OSCH_inst to TX0/SLICE_73:

   Name    Fanout   Delay (ns)          Site               Resource
ROUTE        76     3.541        OSC.OSC to     R8C14A.CLK PIN11_c
                  --------
                    3.541   (0.0% logic, 100.0% route), 0 logic levels.


Passed: The following path meets requirements by 234.764ns (weighted slack = 469.528ns)

 Logical Details:  Cell type  Pin type       Cell/ASIC name  (clock net +/-)

   Source:         FF         Q              TX0/ready_53_i1  (from PIN11_c -)
   Destination:    FF         Data in        TX0/shifter_i12  (to PIN11_c +)
                   FF                        TX0/shifter_i11

   Delay:               5.339ns  (27.0% logic, 73.0% route), 3 logic levels.

 Constraint Details:

      5.339ns physical path delay TX0/SLICE_54 to TX0/SLICE_71 meets
    240.385ns delay constraint less
      0.000ns skew and
      0.282ns CE_SET requirement (totaling 240.103ns) by 234.764ns

 Physical Path Details:

      Data path TX0/SLICE_54 to TX0/SLICE_71:

   Name    Fanout   Delay (ns)          Site               Resource
REG_DEL     ---     0.452     R7C14D.CLK to      R7C14D.Q0 TX0/SLICE_54 (from PIN11_c)
ROUTE         5     0.978      R7C14D.Q0 to      R7C12C.D1 TX0/baud_en
CTOF_DEL    ---     0.495      R7C12C.D1 to      R7C12C.F1 SLICE_91
ROUTE         3     0.445      R7C12C.F1 to      R7C12C.C0 TX0/n724
CTOF_DEL    ---     0.495      R7C12C.C0 to      R7C12C.F0 SLICE_91
ROUTE        12     2.474      R7C12C.F0 to      R8C15C.CE TX0/PIN11_c_enable_39 (to PIN11_c)
                  --------
                    5.339   (27.0% logic, 73.0% route), 3 logic levels.

 Clock Skew Details: 

      Source Clock Path OSCH_inst to TX0/SLICE_54:

   Name    Fanout   Delay (ns)          Site               Resource
ROUTE        76     3.541        OSC.OSC to     R7C14D.CLK PIN11_c
                  --------
                    3.541   (0.0% logic, 100.0% route), 0 logic levels.

      Destination Clock Path OSCH_inst to TX0/SLICE_71:

   Name    Fanout   Delay (ns)          Site               Resource
ROUTE        76     3.541        OSC.OSC to     R8C15C.CLK PIN11_c
                  --------
                    3.541   (0.0% logic, 100.0% route), 0 logic levels.


Passed: The following path meets requirements by 234.764ns (weighted slack = 469.528ns)

 Logical Details:  Cell type  Pin type       Cell/ASIC name  (clock net +/-)

   Source:         FF         Q              TX0/ready_53_i1  (from PIN11_c -)
   Destination:    FF         Data in        TX0/bitc__i2  (to PIN11_c +)
                   FF                        TX0/bitc__i1

   Delay:               5.339ns  (27.0% logic, 73.0% route), 3 logic levels.

 Constraint Details:

      5.339ns physical path delay TX0/SLICE_54 to TX0/SLICE_56 meets
    240.385ns delay constraint less
      0.000ns skew and
      0.282ns CE_SET requirement (totaling 240.103ns) by 234.764ns

 Physical Path Details:

      Data path TX0/SLICE_54 to TX0/SLICE_56:

   Name    Fanout   Delay (ns)          Site               Resource
REG_DEL     ---     0.452     R7C14D.CLK to      R7C14D.Q0 TX0/SLICE_54 (from PIN11_c)
ROUTE         5     0.978      R7C14D.Q0 to      R7C12C.D1 TX0/baud_en
CTOF_DEL    ---     0.495      R7C12C.D1 to      R7C12C.F1 SLICE_91
ROUTE         3     0.445      R7C12C.F1 to      R7C12C.C0 TX0/n724
CTOF_DEL    ---     0.495      R7C12C.C0 to      R7C12C.F0 SLICE_91
ROUTE        12     2.474      R7C12C.F0 to      R7C12D.CE TX0/PIN11_c_enable_39 (to PIN11_c)
                  --------
                    5.339   (27.0% logic, 73.0% route), 3 logic levels.

 Clock Skew Details: 

      Source Clock Path OSCH_inst to TX0/SLICE_54:

   Name    Fanout   Delay (ns)          Site               Resource
ROUTE        76     3.541        OSC.OSC to     R7C14D.CLK PIN11_c
                  --------
                    3.541   (0.0% logic, 100.0% route), 0 logic levels.

      Destination Clock Path OSCH_inst to TX0/SLICE_56:

   Name    Fanout   Delay (ns)          Site               Resource
ROUTE        76     3.541        OSC.OSC to     R7C12D.CLK PIN11_c
                  --------
                    3.541   (0.0% logic, 100.0% route), 0 logic levels.


Passed: The following path meets requirements by 234.764ns (weighted slack = 469.528ns)

 Logical Details:  Cell type  Pin type       Cell/ASIC name  (clock net +/-)

   Source:         FF         Q              TX0/ready_53_i1  (from PIN11_c -)
   Destination:    FF         Data in        TX0/shifter_i14  (to PIN11_c +)
                   FF                        TX0/shifter_i13

   Delay:               5.339ns  (27.0% logic, 73.0% route), 3 logic levels.

 Constraint Details:

      5.339ns physical path delay TX0/SLICE_54 to TX0/SLICE_72 meets
    240.385ns delay constraint less
      0.000ns skew and
      0.282ns CE_SET requirement (totaling 240.103ns) by 234.764ns

 Physical Path Details:

      Data path TX0/SLICE_54 to TX0/SLICE_72:

   Name    Fanout   Delay (ns)          Site               Resource
REG_DEL     ---     0.452     R7C14D.CLK to      R7C14D.Q0 TX0/SLICE_54 (from PIN11_c)
ROUTE         5     0.978      R7C14D.Q0 to      R7C12C.D1 TX0/baud_en
CTOF_DEL    ---     0.495      R7C12C.D1 to      R7C12C.F1 SLICE_91
ROUTE         3     0.445      R7C12C.F1 to      R7C12C.C0 TX0/n724
CTOF_DEL    ---     0.495      R7C12C.C0 to      R7C12C.F0 SLICE_91
ROUTE        12     2.474      R7C12C.F0 to      R8C14B.CE TX0/PIN11_c_enable_39 (to PIN11_c)
                  --------
                    5.339   (27.0% logic, 73.0% route), 3 logic levels.

 Clock Skew Details: 

      Source Clock Path OSCH_inst to TX0/SLICE_54:

   Name    Fanout   Delay (ns)          Site               Resource
ROUTE        76     3.541        OSC.OSC to     R7C14D.CLK PIN11_c
                  --------
                    3.541   (0.0% logic, 100.0% route), 0 logic levels.

      Destination Clock Path OSCH_inst to TX0/SLICE_72:

   Name    Fanout   Delay (ns)          Site               Resource
ROUTE        76     3.541        OSC.OSC to     R8C14B.CLK PIN11_c
                  --------
                    3.541   (0.0% logic, 100.0% route), 0 logic levels.


Passed: The following path meets requirements by 234.764ns (weighted slack = 469.528ns)

 Logical Details:  Cell type  Pin type       Cell/ASIC name  (clock net +/-)

   Source:         FF         Q              TX0/ready_53_i1  (from PIN11_c -)
   Destination:    FF         Data in        TX0/shifter_i17  (to PIN11_c +)

   Delay:               5.339ns  (27.0% logic, 73.0% route), 3 logic levels.

 Constraint Details:

      5.339ns physical path delay TX0/SLICE_54 to TX0/SLICE_74 meets
    240.385ns delay constraint less
      0.000ns skew and
      0.282ns CE_SET requirement (totaling 240.103ns) by 234.764ns

 Physical Path Details:

      Data path TX0/SLICE_54 to TX0/SLICE_74:

   Name    Fanout   Delay (ns)          Site               Resource
REG_DEL     ---     0.452     R7C14D.CLK to      R7C14D.Q0 TX0/SLICE_54 (from PIN11_c)
ROUTE         5     0.978      R7C14D.Q0 to      R7C12C.D1 TX0/baud_en
CTOF_DEL    ---     0.495      R7C12C.D1 to      R7C12C.F1 SLICE_91
ROUTE         3     0.445      R7C12C.F1 to      R7C12C.C0 TX0/n724
CTOF_DEL    ---     0.495      R7C12C.C0 to      R7C12C.F0 SLICE_91
ROUTE        12     2.474      R7C12C.F0 to      R8C14D.CE TX0/PIN11_c_enable_39 (to PIN11_c)
                  --------
                    5.339   (27.0% logic, 73.0% route), 3 logic levels.

 Clock Skew Details: 

      Source Clock Path OSCH_inst to TX0/SLICE_54:

   Name    Fanout   Delay (ns)          Site               Resource
ROUTE        76     3.541        OSC.OSC to     R7C14D.CLK PIN11_c
                  --------
                    3.541   (0.0% logic, 100.0% route), 0 logic levels.

      Destination Clock Path OSCH_inst to TX0/SLICE_74:

   Name    Fanout   Delay (ns)          Site               Resource
ROUTE        76     3.541        OSC.OSC to     R8C14D.CLK PIN11_c
                  --------
                    3.541   (0.0% logic, 100.0% route), 0 logic levels.


Passed: The following path meets requirements by 234.764ns (weighted slack = 469.528ns)

 Logical Details:  Cell type  Pin type       Cell/ASIC name  (clock net +/-)

   Source:         FF         Q              TX0/ready_53_i1  (from PIN11_c -)
   Destination:    FF         Data in        TX0/bitc__i4  (to PIN11_c +)
                   FF                        TX0/bitc__i3

   Delay:               5.339ns  (27.0% logic, 73.0% route), 3 logic levels.

 Constraint Details:

      5.339ns physical path delay TX0/SLICE_54 to TX0/SLICE_57 meets
    240.385ns delay constraint less
      0.000ns skew and
      0.282ns CE_SET requirement (totaling 240.103ns) by 234.764ns

 Physical Path Details:

      Data path TX0/SLICE_54 to TX0/SLICE_57:

   Name    Fanout   Delay (ns)          Site               Resource
REG_DEL     ---     0.452     R7C14D.CLK to      R7C14D.Q0 TX0/SLICE_54 (from PIN11_c)
ROUTE         5     0.978      R7C14D.Q0 to      R7C12C.D1 TX0/baud_en
CTOF_DEL    ---     0.495      R7C12C.D1 to      R7C12C.F1 SLICE_91
ROUTE         3     0.445      R7C12C.F1 to      R7C12C.C0 TX0/n724
CTOF_DEL    ---     0.495      R7C12C.C0 to      R7C12C.F0 SLICE_91
ROUTE        12     2.474      R7C12C.F0 to      R7C12B.CE TX0/PIN11_c_enable_39 (to PIN11_c)
                  --------
                    5.339   (27.0% logic, 73.0% route), 3 logic levels.

 Clock Skew Details: 

      Source Clock Path OSCH_inst to TX0/SLICE_54:

   Name    Fanout   Delay (ns)          Site               Resource
ROUTE        76     3.541        OSC.OSC to     R7C14D.CLK PIN11_c
                  --------
                    3.541   (0.0% logic, 100.0% route), 0 logic levels.

      Destination Clock Path OSCH_inst to TX0/SLICE_57:

   Name    Fanout   Delay (ns)          Site               Resource
ROUTE        76     3.541        OSC.OSC to     R7C12B.CLK PIN11_c
                  --------
                    3.541   (0.0% logic, 100.0% route), 0 logic levels.


Passed: The following path meets requirements by 234.764ns (weighted slack = 469.528ns)

 Logical Details:  Cell type  Pin type       Cell/ASIC name  (clock net +/-)

   Source:         FF         Q              TX0/ready_53_i1  (from PIN11_c -)
   Destination:    FF         Data in        TX0/shifter_i18  (to PIN11_c +)

   Delay:               5.339ns  (27.0% logic, 73.0% route), 3 logic levels.

 Constraint Details:

      5.339ns physical path delay TX0/SLICE_54 to SLICE_7 meets
    240.385ns delay constraint less
      0.000ns skew and
      0.282ns CE_SET requirement (totaling 240.103ns) by 234.764ns

 Physical Path Details:

      Data path TX0/SLICE_54 to SLICE_7:

   Name    Fanout   Delay (ns)          Site               Resource
REG_DEL     ---     0.452     R7C14D.CLK to      R7C14D.Q0 TX0/SLICE_54 (from PIN11_c)
ROUTE         5     0.978      R7C14D.Q0 to      R7C12C.D1 TX0/baud_en
CTOF_DEL    ---     0.495      R7C12C.D1 to      R7C12C.F1 SLICE_91
ROUTE         3     0.445      R7C12C.F1 to      R7C12C.C0 TX0/n724
CTOF_DEL    ---     0.495      R7C12C.C0 to      R7C12C.F0 SLICE_91
ROUTE        12     2.474      R7C12C.F0 to      R7C15A.CE TX0/PIN11_c_enable_39 (to PIN11_c)
                  --------
                    5.339   (27.0% logic, 73.0% route), 3 logic levels.

 Clock Skew Details: 

      Source Clock Path OSCH_inst to TX0/SLICE_54:

   Name    Fanout   Delay (ns)          Site               Resource
ROUTE        76     3.541        OSC.OSC to     R7C14D.CLK PIN11_c
                  --------
                    3.541   (0.0% logic, 100.0% route), 0 logic levels.

      Destination Clock Path OSCH_inst to SLICE_7:

   Name    Fanout   Delay (ns)          Site               Resource
ROUTE        76     3.541        OSC.OSC to     R7C15A.CLK PIN11_c
                  --------
                    3.541   (0.0% logic, 100.0% route), 0 logic levels.


Passed: The following path meets requirements by 234.764ns (weighted slack = 469.528ns)

 Logical Details:  Cell type  Pin type       Cell/ASIC name  (clock net +/-)

   Source:         FF         Q              TX0/ready_53_i1  (from PIN11_c -)
   Destination:    FF         Data in        TX0/shifter_i3  (to PIN11_c +)
                   FF                        TX0/shifter_i2

   Delay:               5.339ns  (27.0% logic, 73.0% route), 3 logic levels.

 Constraint Details:

      5.339ns physical path delay TX0/SLICE_54 to SLICE_6 meets
    240.385ns delay constraint less
      0.000ns skew and
      0.282ns CE_SET requirement (totaling 240.103ns) by 234.764ns

 Physical Path Details:

      Data path TX0/SLICE_54 to SLICE_6:

   Name    Fanout   Delay (ns)          Site               Resource
REG_DEL     ---     0.452     R7C14D.CLK to      R7C14D.Q0 TX0/SLICE_54 (from PIN11_c)
ROUTE         5     0.978      R7C14D.Q0 to      R7C12C.D1 TX0/baud_en
CTOF_DEL    ---     0.495      R7C12C.D1 to      R7C12C.F1 SLICE_91
ROUTE         3     0.445      R7C12C.F1 to      R7C12C.C0 TX0/n724
CTOF_DEL    ---     0.495      R7C12C.C0 to      R7C12C.F0 SLICE_91
ROUTE        12     2.474      R7C12C.F0 to      R7C15B.CE TX0/PIN11_c_enable_39 (to PIN11_c)
                  --------
                    5.339   (27.0% logic, 73.0% route), 3 logic levels.

 Clock Skew Details: 

      Source Clock Path OSCH_inst to TX0/SLICE_54:

   Name    Fanout   Delay (ns)          Site               Resource
ROUTE        76     3.541        OSC.OSC to     R7C14D.CLK PIN11_c
                  --------
                    3.541   (0.0% logic, 100.0% route), 0 logic levels.

      Destination Clock Path OSCH_inst to SLICE_6:

   Name    Fanout   Delay (ns)          Site               Resource
ROUTE        76     3.541        OSC.OSC to     R7C15B.CLK PIN11_c
                  --------
                    3.541   (0.0% logic, 100.0% route), 0 logic levels.


Passed: The following path meets requirements by 234.764ns (weighted slack = 469.528ns)

 Logical Details:  Cell type  Pin type       Cell/ASIC name  (clock net +/-)

   Source:         FF         Q              TX0/ready_53_i1  (from PIN11_c -)
   Destination:    FF         Data in        TX0/shifter_i7  (to PIN11_c +)
                   FF                        TX0/shifter_i6

   Delay:               5.339ns  (27.0% logic, 73.0% route), 3 logic levels.

 Constraint Details:

      5.339ns physical path delay TX0/SLICE_54 to SLICE_94 meets
    240.385ns delay constraint less
      0.000ns skew and
      0.282ns CE_SET requirement (totaling 240.103ns) by 234.764ns

 Physical Path Details:

      Data path TX0/SLICE_54 to SLICE_94:

   Name    Fanout   Delay (ns)          Site               Resource
REG_DEL     ---     0.452     R7C14D.CLK to      R7C14D.Q0 TX0/SLICE_54 (from PIN11_c)
ROUTE         5     0.978      R7C14D.Q0 to      R7C12C.D1 TX0/baud_en
CTOF_DEL    ---     0.495      R7C12C.D1 to      R7C12C.F1 SLICE_91
ROUTE         3     0.445      R7C12C.F1 to      R7C12C.C0 TX0/n724
CTOF_DEL    ---     0.495      R7C12C.C0 to      R7C12C.F0 SLICE_91
ROUTE        12     2.474      R7C12C.F0 to      R8C16B.CE TX0/PIN11_c_enable_39 (to PIN11_c)
                  --------
                    5.339   (27.0% logic, 73.0% route), 3 logic levels.

 Clock Skew Details: 

      Source Clock Path OSCH_inst to TX0/SLICE_54:

   Name    Fanout   Delay (ns)          Site               Resource
ROUTE        76     3.541        OSC.OSC to     R7C14D.CLK PIN11_c
                  --------
                    3.541   (0.0% logic, 100.0% route), 0 logic levels.

      Destination Clock Path OSCH_inst to SLICE_94:

   Name    Fanout   Delay (ns)          Site               Resource
ROUTE        76     3.541        OSC.OSC to     R8C16B.CLK PIN11_c
                  --------
                    3.541   (0.0% logic, 100.0% route), 0 logic levels.

Report:   88.968MHz is the maximum frequency for this preference.


================================================================================
Preference: FREQUENCY 20.000000 MHz ;
            0 items scored, 0 timing errors detected.
--------------------------------------------------------------------------------


Passed:  The following path meets requirements by 47.500ns
         The internal maximum frequency of the following component is 400.000 MHz

 Logical Details:  Cell type  Pin name       Component name

   Destination:    SLICE      CLK            TX0/SLICE_111

   Delay:               2.500ns -- based on Minimum Pulse Width

Report:  400.000MHz is the maximum frequency for this preference.

Report Summary
--------------
----------------------------------------------------------------------------
Preference                              |   Constraint|       Actual|Levels
----------------------------------------------------------------------------
                                        |             |             |
FREQUENCY NET "PIN11_c" 2.080000 MHz ;  |    2.080 MHz|   88.968 MHz|   3  
                                        |             |             |
FREQUENCY 20.000000 MHz ;               |   20.000 MHz|  400.000 MHz|   0  
                                        |             |             |
----------------------------------------------------------------------------


All preferences were met.


Clock Domains Analysis
------------------------

Found 1 clocks:

Clock Domain: PIN11_c   Source: OSCH_inst.OSC   Loads: 76
   Covered under: FREQUENCY NET "PIN11_c" 2.080000 MHz ;


Timing summary (Setup):
---------------

Timing errors: 0  Score: 0
Cumulative negative slack: 0

Constraints cover 1346 paths, 1 nets, and 601 connections (99.83% coverage)

--------------------------------------------------------------------------------
Lattice TRACE Report - Hold, Version Diamond (64-bit) 3.13.0.56.2
Mon Aug 12 22:54:24 2024

Copyright (c) 1991-1994 by NeoCAD Inc. All rights reserved.
Copyright (c) 1995 AT&T Corp.   All rights reserved.
Copyright (c) 1995-2001 Lucent Technologies Inc.  All rights reserved.
Copyright (c) 2001 Agere Systems   All rights reserved.
Copyright (c) 2002-2023 Lattice Semiconductor Corporation,  All rights reserved.

Report Information
------------------
Command line:    trce -v 10 -gt -sethld -sp 4 -sphld m -o MakeFPGA_Implementation.twr -gui -msgset C:/Users/enact/Projects/Fipsy-FPGA-edu/Examples/FipsyV2 - XO2-1200/6. Echo/project_files/promote.xml MakeFPGA_Implementation.ncd MakeFPGA_Implementation.prf 
Design file:     makefpga_implementation.ncd
Preference file: makefpga_implementation.prf
Device,speed:    LCMXO2-1200HC,m
Report level:    verbose report, limited to 10 items per preference
--------------------------------------------------------------------------------

BLOCK ASYNCPATHS
BLOCK RESETPATHS
--------------------------------------------------------------------------------


Derating parameters
-------------------
Voltage:    3.300 V

VCCIO Voltage:
                   3.300 V (Bank 0, defined by PAR)
                   3.300 V (Bank 1, defined by PAR)
                   3.300 V (Bank 2, defined by PAR)
                   3.300 V (Bank 3, defined by PAR)



================================================================================
Preference: FREQUENCY NET "PIN11_c" 2.080000 MHz ;
            1346 items scored, 0 timing errors detected.
--------------------------------------------------------------------------------


Passed: The following path meets requirements by 0.304ns

 Logical Details:  Cell type  Pin type       Cell/ASIC name  (clock net +/-)

   Source:         FF         Q              TX0/shifter_i3  (from PIN11_c +)
   Destination:    FF         Data in        TX0/shifter_i2  (to PIN11_c +)

   Delay:               0.285ns  (46.7% logic, 53.3% route), 1 logic levels.

 Constraint Details:

      0.285ns physical path delay SLICE_6 to SLICE_6 meets
     -0.019ns M_HLD and
      0.000ns delay constraint less
      0.000ns skew requirement (totaling -0.019ns) by 0.304ns

 Physical Path Details:

      Data path SLICE_6 to SLICE_6:

   Name    Fanout   Delay (ns)          Site               Resource
REG_DEL     ---     0.133     R7C15B.CLK to      R7C15B.Q1 SLICE_6 (from PIN11_c)
ROUTE         1     0.152      R7C15B.Q1 to      R7C15B.M0 TX0/shifter_3 (to PIN11_c)
                  --------
                    0.285   (46.7% logic, 53.3% route), 1 logic levels.

 Clock Skew Details: 

      Source Clock Path OSCH_inst to SLICE_6:

   Name    Fanout   Delay (ns)          Site               Resource
ROUTE        76     1.216        OSC.OSC to     R7C15B.CLK PIN11_c
                  --------
                    1.216   (0.0% logic, 100.0% route), 0 logic levels.

      Destination Clock Path OSCH_inst to SLICE_6:

   Name    Fanout   Delay (ns)          Site               Resource
ROUTE        76     1.216        OSC.OSC to     R7C15B.CLK PIN11_c
                  --------
                    1.216   (0.0% logic, 100.0% route), 0 logic levels.


Passed: The following path meets requirements by 0.304ns

 Logical Details:  Cell type  Pin type       Cell/ASIC name  (clock net +/-)

   Source:         FF         Q              TX0/shifter_i5  (from PIN11_c +)
   Destination:    FF         Data in        TX0/shifter_i4  (to PIN11_c +)

   Delay:               0.285ns  (46.7% logic, 53.3% route), 1 logic levels.

 Constraint Details:

      0.285ns physical path delay SLICE_8 to SLICE_8 meets
     -0.019ns M_HLD and
      0.000ns delay constraint less
      0.000ns skew requirement (totaling -0.019ns) by 0.304ns

 Physical Path Details:

      Data path SLICE_8 to SLICE_8:

   Name    Fanout   Delay (ns)          Site               Resource
REG_DEL     ---     0.133     R7C16A.CLK to      R7C16A.Q1 SLICE_8 (from PIN11_c)
ROUTE         1     0.152      R7C16A.Q1 to      R7C16A.M0 TX0/shifter_5 (to PIN11_c)
                  --------
                    0.285   (46.7% logic, 53.3% route), 1 logic levels.

 Clock Skew Details: 

      Source Clock Path OSCH_inst to SLICE_8:

   Name    Fanout   Delay (ns)          Site               Resource
ROUTE        76     1.216        OSC.OSC to     R7C16A.CLK PIN11_c
                  --------
                    1.216   (0.0% logic, 100.0% route), 0 logic levels.

      Destination Clock Path OSCH_inst to SLICE_8:

   Name    Fanout   Delay (ns)          Site               Resource
ROUTE        76     1.216        OSC.OSC to     R7C16A.CLK PIN11_c
                  --------
                    1.216   (0.0% logic, 100.0% route), 0 logic levels.


Passed: The following path meets requirements by 0.304ns

 Logical Details:  Cell type  Pin type       Cell/ASIC name  (clock net +/-)

   Source:         FF         Q              TX0/shifter_i1  (from PIN11_c +)
   Destination:    FF         Data in        TX0/shifter_i0  (to PIN11_c +)

   Delay:               0.285ns  (46.7% logic, 53.3% route), 1 logic levels.

 Constraint Details:

      0.285ns physical path delay SLICE_93 to SLICE_93 meets
     -0.019ns M_HLD and
      0.000ns delay constraint less
      0.000ns skew requirement (totaling -0.019ns) by 0.304ns

 Physical Path Details:

      Data path SLICE_93 to SLICE_93:

   Name    Fanout   Delay (ns)          Site               Resource
REG_DEL     ---     0.133     R7C14B.CLK to      R7C14B.Q1 SLICE_93 (from PIN11_c)
ROUTE         1     0.152      R7C14B.Q1 to      R7C14B.M0 TX0/shifter_1 (to PIN11_c)
                  --------
                    0.285   (46.7% logic, 53.3% route), 1 logic levels.

 Clock Skew Details: 

      Source Clock Path OSCH_inst to SLICE_93:

   Name    Fanout   Delay (ns)          Site               Resource
ROUTE        76     1.216        OSC.OSC to     R7C14B.CLK PIN11_c
                  --------
                    1.216   (0.0% logic, 100.0% route), 0 logic levels.

      Destination Clock Path OSCH_inst to SLICE_93:

   Name    Fanout   Delay (ns)          Site               Resource
ROUTE        76     1.216        OSC.OSC to     R7C14B.CLK PIN11_c
                  --------
                    1.216   (0.0% logic, 100.0% route), 0 logic levels.


Passed: The following path meets requirements by 0.304ns

 Logical Details:  Cell type  Pin type       Cell/ASIC name  (clock net +/-)

   Source:         FF         Q              TX0/shifter_i7  (from PIN11_c +)
   Destination:    FF         Data in        TX0/shifter_i6  (to PIN11_c +)

   Delay:               0.285ns  (46.7% logic, 53.3% route), 1 logic levels.

 Constraint Details:

      0.285ns physical path delay SLICE_94 to SLICE_94 meets
     -0.019ns M_HLD and
      0.000ns delay constraint less
      0.000ns skew requirement (totaling -0.019ns) by 0.304ns

 Physical Path Details:

      Data path SLICE_94 to SLICE_94:

   Name    Fanout   Delay (ns)          Site               Resource
REG_DEL     ---     0.133     R8C16B.CLK to      R8C16B.Q1 SLICE_94 (from PIN11_c)
ROUTE         1     0.152      R8C16B.Q1 to      R8C16B.M0 TX0/shifter_7 (to PIN11_c)
                  --------
                    0.285   (46.7% logic, 53.3% route), 1 logic levels.

 Clock Skew Details: 

      Source Clock Path OSCH_inst to SLICE_94:

   Name    Fanout   Delay (ns)          Site               Resource
ROUTE        76     1.216        OSC.OSC to     R8C16B.CLK PIN11_c
                  --------
                    1.216   (0.0% logic, 100.0% route), 0 logic levels.

      Destination Clock Path OSCH_inst to SLICE_94:

   Name    Fanout   Delay (ns)          Site               Resource
ROUTE        76     1.216        OSC.OSC to     R8C16B.CLK PIN11_c
                  --------
                    1.216   (0.0% logic, 100.0% route), 0 logic levels.


Passed: The following path meets requirements by 0.304ns

 Logical Details:  Cell type  Pin type       Cell/ASIC name  (clock net +/-)

   Source:         FF         Q              TX0/shifter_i8  (from PIN11_c +)
   Destination:    FF         Data in        TX0/shifter_i7  (to PIN11_c +)

   Delay:               0.285ns  (46.7% logic, 53.3% route), 1 logic levels.

 Constraint Details:

      0.285ns physical path delay TX0/SLICE_111 to SLICE_94 meets
     -0.019ns M_HLD and
      0.000ns delay constraint less
      0.000ns skew requirement (totaling -0.019ns) by 0.304ns

 Physical Path Details:

      Data path TX0/SLICE_111 to SLICE_94:

   Name    Fanout   Delay (ns)          Site               Resource
REG_DEL     ---     0.133     R8C16D.CLK to      R8C16D.Q1 TX0/SLICE_111 (from PIN11_c)
ROUTE         1     0.152      R8C16D.Q1 to      R8C16B.M1 TX0/shifter_8 (to PIN11_c)
                  --------
                    0.285   (46.7% logic, 53.3% route), 1 logic levels.

 Clock Skew Details: 

      Source Clock Path OSCH_inst to TX0/SLICE_111:

   Name    Fanout   Delay (ns)          Site               Resource
ROUTE        76     1.216        OSC.OSC to     R8C16D.CLK PIN11_c
                  --------
                    1.216   (0.0% logic, 100.0% route), 0 logic levels.

      Destination Clock Path OSCH_inst to SLICE_94:

   Name    Fanout   Delay (ns)          Site               Resource
ROUTE        76     1.216        OSC.OSC to     R8C16B.CLK PIN11_c
                  --------
                    1.216   (0.0% logic, 100.0% route), 0 logic levels.


Passed: The following path meets requirements by 0.304ns

 Logical Details:  Cell type  Pin type       Cell/ASIC name  (clock net +/-)

   Source:         FF         Q              TX0/shifter_i9  (from PIN11_c +)
   Destination:    FF         Data in        TX0/shifter_i8  (to PIN11_c +)

   Delay:               0.285ns  (46.7% logic, 53.3% route), 1 logic levels.

 Constraint Details:

      0.285ns physical path delay TX0/SLICE_111 to TX0/SLICE_111 meets
     -0.019ns M_HLD and
      0.000ns delay constraint less
      0.000ns skew requirement (totaling -0.019ns) by 0.304ns

 Physical Path Details:

      Data path TX0/SLICE_111 to TX0/SLICE_111:

   Name    Fanout   Delay (ns)          Site               Resource
REG_DEL     ---     0.133     R8C16D.CLK to      R8C16D.Q0 TX0/SLICE_111 (from PIN11_c)
ROUTE         1     0.152      R8C16D.Q0 to      R8C16D.M1 TX0/shifter_9 (to PIN11_c)
                  --------
                    0.285   (46.7% logic, 53.3% route), 1 logic levels.

 Clock Skew Details: 

      Source Clock Path OSCH_inst to TX0/SLICE_111:

   Name    Fanout   Delay (ns)          Site               Resource
ROUTE        76     1.216        OSC.OSC to     R8C16D.CLK PIN11_c
                  --------
                    1.216   (0.0% logic, 100.0% route), 0 logic levels.

      Destination Clock Path OSCH_inst to TX0/SLICE_111:

   Name    Fanout   Delay (ns)          Site               Resource
ROUTE        76     1.216        OSC.OSC to     R8C16D.CLK PIN11_c
                  --------
                    1.216   (0.0% logic, 100.0% route), 0 logic levels.


Passed: The following path meets requirements by 0.306ns

 Logical Details:  Cell type  Pin type       Cell/ASIC name  (clock net +/-)

   Source:         FF         Q              TX0/shifter_i2  (from PIN11_c +)
   Destination:    FF         Data in        TX0/shifter_i1  (to PIN11_c +)

   Delay:               0.287ns  (46.3% logic, 53.7% route), 1 logic levels.

 Constraint Details:

      0.287ns physical path delay SLICE_6 to SLICE_93 meets
     -0.019ns M_HLD and
      0.000ns delay constraint less
      0.000ns skew requirement (totaling -0.019ns) by 0.306ns

 Physical Path Details:

      Data path SLICE_6 to SLICE_93:

   Name    Fanout   Delay (ns)          Site               Resource
REG_DEL     ---     0.133     R7C15B.CLK to      R7C15B.Q0 SLICE_6 (from PIN11_c)
ROUTE         1     0.154      R7C15B.Q0 to      R7C14B.M1 TX0/shifter_2 (to PIN11_c)
                  --------
                    0.287   (46.3% logic, 53.7% route), 1 logic levels.

 Clock Skew Details: 

      Source Clock Path OSCH_inst to SLICE_6:

   Name    Fanout   Delay (ns)          Site               Resource
ROUTE        76     1.216        OSC.OSC to     R7C15B.CLK PIN11_c
                  --------
                    1.216   (0.0% logic, 100.0% route), 0 logic levels.

      Destination Clock Path OSCH_inst to SLICE_93:

   Name    Fanout   Delay (ns)          Site               Resource
ROUTE        76     1.216        OSC.OSC to     R7C14B.CLK PIN11_c
                  --------
                    1.216   (0.0% logic, 100.0% route), 0 logic levels.


Passed: The following path meets requirements by 0.306ns

 Logical Details:  Cell type  Pin type       Cell/ASIC name  (clock net +/-)

   Source:         FF         Q              RX0/raw_data__0__i7  (from PIN11_c +)
   Destination:    FF         Data in        RX0/raw_data__0__i6  (to PIN11_c +)

   Delay:               0.287ns  (46.3% logic, 53.7% route), 1 logic levels.

 Constraint Details:

      0.287ns physical path delay SLICE_91 to SLICE_95 meets
     -0.019ns M_HLD and
      0.000ns delay constraint less
      0.000ns skew requirement (totaling -0.019ns) by 0.306ns

 Physical Path Details:

      Data path SLICE_91 to SLICE_95:

   Name    Fanout   Delay (ns)          Site               Resource
REG_DEL     ---     0.133     R7C12C.CLK to      R7C12C.Q0 SLICE_91 (from PIN11_c)
ROUTE         2     0.154      R7C12C.Q0 to      R7C12A.M1 RX0/raw_data_7 (to PIN11_c)
                  --------
                    0.287   (46.3% logic, 53.7% route), 1 logic levels.

 Clock Skew Details: 

      Source Clock Path OSCH_inst to SLICE_91:

   Name    Fanout   Delay (ns)          Site               Resource
ROUTE        76     1.216        OSC.OSC to     R7C12C.CLK PIN11_c
                  --------
                    1.216   (0.0% logic, 100.0% route), 0 logic levels.

      Destination Clock Path OSCH_inst to SLICE_95:

   Name    Fanout   Delay (ns)          Site               Resource
ROUTE        76     1.216        OSC.OSC to     R7C12A.CLK PIN11_c
                  --------
                    1.216   (0.0% logic, 100.0% route), 0 logic levels.


Passed: The following path meets requirements by 0.306ns

 Logical Details:  Cell type  Pin type       Cell/ASIC name  (clock net +/-)

   Source:         FF         Q              RX0/raw_data__0__i4  (from PIN11_c +)
   Destination:    FF         Data in        RX0/raw_data__0__i3  (to PIN11_c +)

   Delay:               0.287ns  (46.3% logic, 53.7% route), 1 logic levels.

 Constraint Details:

      0.287ns physical path delay SLICE_92 to SLICE_92 meets
     -0.019ns M_HLD and
      0.000ns delay constraint less
      0.000ns skew requirement (totaling -0.019ns) by 0.306ns

 Physical Path Details:

      Data path SLICE_92 to SLICE_92:

   Name    Fanout   Delay (ns)          Site               Resource
REG_DEL     ---     0.133     R7C11D.CLK to      R7C11D.Q1 SLICE_92 (from PIN11_c)
ROUTE         2     0.154      R7C11D.Q1 to      R7C11D.M0 RX0/raw_data_4 (to PIN11_c)
                  --------
                    0.287   (46.3% logic, 53.7% route), 1 logic levels.

 Clock Skew Details: 

      Source Clock Path OSCH_inst to SLICE_92:

   Name    Fanout   Delay (ns)          Site               Resource
ROUTE        76     1.216        OSC.OSC to     R7C11D.CLK PIN11_c
                  --------
                    1.216   (0.0% logic, 100.0% route), 0 logic levels.

      Destination Clock Path OSCH_inst to SLICE_92:

   Name    Fanout   Delay (ns)          Site               Resource
ROUTE        76     1.216        OSC.OSC to     R7C11D.CLK PIN11_c
                  --------
                    1.216   (0.0% logic, 100.0% route), 0 logic levels.


Passed: The following path meets requirements by 0.306ns

 Logical Details:  Cell type  Pin type       Cell/ASIC name  (clock net +/-)

   Source:         FF         Q              RX0/next_state_i0  (from PIN11_c +)
   Destination:    FF         Data in        RX0/state_i0  (to PIN11_c +)

   Delay:               0.287ns  (46.3% logic, 53.7% route), 1 logic levels.

 Constraint Details:

      0.287ns physical path delay RX0/SLICE_42 to RX0/SLICE_102 meets
     -0.019ns M_HLD and
      0.000ns delay constraint less
      0.000ns skew requirement (totaling -0.019ns) by 0.306ns

 Physical Path Details:

      Data path RX0/SLICE_42 to RX0/SLICE_102:

   Name    Fanout   Delay (ns)          Site               Resource
REG_DEL     ---     0.133    R10C14B.CLK to     R10C14B.Q0 RX0/SLICE_42 (from PIN11_c)
ROUTE         1     0.154     R10C14B.Q0 to     R10C13B.M1 RX0/next_state_0 (to PIN11_c)
                  --------
                    0.287   (46.3% logic, 53.7% route), 1 logic levels.

 Clock Skew Details: 

      Source Clock Path OSCH_inst to RX0/SLICE_42:

   Name    Fanout   Delay (ns)          Site               Resource
ROUTE        76     1.216        OSC.OSC to    R10C14B.CLK PIN11_c
                  --------
                    1.216   (0.0% logic, 100.0% route), 0 logic levels.

      Destination Clock Path OSCH_inst to RX0/SLICE_102:

   Name    Fanout   Delay (ns)          Site               Resource
ROUTE        76     1.216        OSC.OSC to    R10C13B.CLK PIN11_c
                  --------
                    1.216   (0.0% logic, 100.0% route), 0 logic levels.


================================================================================
Preference: FREQUENCY 20.000000 MHz ;
            0 items scored, 0 timing errors detected.
--------------------------------------------------------------------------------

Report Summary
--------------
----------------------------------------------------------------------------
Preference(MIN Delays)                  |   Constraint|       Actual|Levels
----------------------------------------------------------------------------
                                        |             |             |
FREQUENCY NET "PIN11_c" 2.080000 MHz ;  |     0.000 ns|     0.304 ns|   1  
                                        |             |             |
FREQUENCY 20.000000 MHz ;               |            -|            -|   0  
                                        |             |             |
----------------------------------------------------------------------------


All preferences were met.


Clock Domains Analysis
------------------------

Found 1 clocks:

Clock Domain: PIN11_c   Source: OSCH_inst.OSC   Loads: 76
   Covered under: FREQUENCY NET "PIN11_c" 2.080000 MHz ;


Timing summary (Hold):
---------------

Timing errors: 0  Score: 0
Cumulative negative slack: 0

Constraints cover 1346 paths, 1 nets, and 601 connections (99.83% coverage)



Timing summary (Setup and Hold):
---------------

Timing errors: 0 (setup), 0 (hold)
Score: 0 (setup), 0 (hold)
Cumulative negative slack: 0 (0+0)
--------------------------------------------------------------------------------

--------------------------------------------------------------------------------

