
         Lattice Mapping Report File for Design Module 'MakeFPGA_Top'


Design Information
------------------

Command line:   map -a MachXO2 -p LCMXO2-1200HC -t QFN32 -s 4 -oc Commercial
     MakeFPGA_Implementation.ngd -o MakeFPGA_Implementation_map.ncd -pr
     MakeFPGA_Implementation.prf -mp MakeFPGA_Implementation.mrp -lpf
     C:/Users/enact/Projects/Fipsy-FPGA-edu/Examples/FipsyV2 - XO2-1200/6.
     Echo/project_files/Implementation/MakeFPGA_Implementation.lpf -lpf
     C:/Users/enact/Projects/Fipsy-FPGA-edu/Examples/FipsyV2 - XO2-1200/6.
     Echo/project_files/MakeFPGA.lpf -c 0 -gui -msgset
     C:/Users/enact/Projects/Fipsy-FPGA-edu/Examples/FipsyV2 - XO2-1200/6.
     Echo/project_files/promote.xml 
Target Vendor:  LATTICE
Target Device:  LCMXO2-1200HCQFN32
Target Performance:   4
Mapper:  xo2c00,  version:  Diamond (64-bit) 3.13.0.56.2
Mapped on:  08/12/24  22:54:19

Design Summary
--------------

   Number of registers:    128 out of  1346 (10%)
      PFU registers:          128 out of  1280 (10%)
      PIO registers:            0 out of    66 (0%)
   Number of SLICEs:        75 out of   640 (12%)
      SLICEs as Logic/ROM:     75 out of   640 (12%)
      SLICEs as RAM:            0 out of   480 (0%)
      SLICEs as Carry:         32 out of   640 (5%)
   Number of LUT4s:        137 out of  1280 (11%)
      Number used as logic LUTs:         73
      Number used as distributed RAM:     0
      Number used as ripple logic:       64
      Number used as shift registers:     0
   Number of PIO sites used: 13 + 4(JTAG) out of 22 (77%)
   Number of block RAMs:  0 out of 7 (0%)
   Number of GSRs:        0 out of 1 (0%)
   EFB used :        No
   JTAG used :       No
   Readback used :   No
   Oscillator used : Yes
   Startup used :    No
   POR :             On
   Bandgap :         On
   Number of Power Controller:  0 out of 1 (0%)
   Number of Dynamic Bank Controller (BCINRD):  0 out of 4 (0%)
   Number of Dynamic Bank Controller (BCLVDSO):  0 out of 1 (0%)
   Number of DCCA:  0 out of 8 (0%)
   Number of DCMA:  0 out of 2 (0%)
   Number of PLLs:  0 out of 1 (0%)
   Number of DQSDLLs:  0 out of 2 (0%)
   Number of CLKDIVC:  0 out of 4 (0%)
   Number of ECLKSYNCA:  0 out of 4 (0%)
   Number of ECLKBRIDGECS:  0 out of 2 (0%)
   Notes:-
      1. Total number of LUT4s = (Number of logic LUT4s) + 2*(Number of
     distributed RAMs) + 2*(Number of ripple logic)
      2. Number of logic LUT4s does not include count of distributed RAM and
     ripple logic.

                                    Page 1




Design:  MakeFPGA_Top                                  Date:  08/12/24  22:54:19

Design Summary (cont)
---------------------
   Number of clocks:  1
     Net PIN11_c: 75 loads, 71 rising, 4 falling (Driver: OSCH_inst )
   Number of Clock Enables:  8
     Net rcv: 11 loads, 11 LSLICEs
     Net PIN11_c_enable_22: 1 loads, 1 LSLICEs
     Net clk_baud: 5 loads, 5 LSLICEs
     Net PIN11_c_enable_33: 2 loads, 2 LSLICEs
     Net RX0/load: 4 loads, 4 LSLICEs
     Net TX0/data_r_7__N_194: 4 loads, 4 LSLICEs
     Net TX0/PIN11_c_enable_39: 12 loads, 12 LSLICEs
     Net TX0/PIN11_c_enable_30: 1 loads, 1 LSLICEs
   Number of LSRs:  12
     Net n591: 11 loads, 11 LSLICEs
     Net PIN10_c_2: 11 loads, 11 LSLICEs
     Net state_1: 1 loads, 1 LSLICEs
     Net n225: 1 loads, 1 LSLICEs
     Net clear: 3 loads, 3 LSLICEs
     Net RX0/state_1: 3 loads, 3 LSLICEs
     Net RX0/bauden: 3 loads, 3 LSLICEs
     Net RX0/n611: 2 loads, 2 LSLICEs
     Net TX0/load: 9 loads, 9 LSLICEs
     Net TX0/baud_en: 3 loads, 3 LSLICEs
     Net TX0/n29: 2 loads, 2 LSLICEs
     Net TX0/PIN11_c_enable_30: 1 loads, 1 LSLICEs
   Number of nets driven by tri-state buffers:  0
   Top 10 highest fanout non-clock nets:
     Net TX0/load: 19 loads
     Net rcv: 16 loads
     Net PIN10_c_2: 12 loads
     Net TX0/PIN11_c_enable_39: 12 loads
     Net n591: 11 loads
     Net RX0/divcounter_3: 9 loads
     Net RX0/divcounter_5: 9 loads
     Net state_0: 8 loads
     Net clk_baud: 7 loads
     Net RX0/n39: 7 loads




   Number of warnings:  1
   Number of errors:    0
     

Design Errors/Warnings
----------------------

WARNING - map: C:/Users/enact/Projects/Fipsy-FPGA-edu/Examples/FipsyV2 -
     XO2-1200/6. Echo/project_files/MakeFPGA.lpf(39): Semantic error in
     "FREQUENCY PORT "MCLK" 120.000000 MHz ;": "MCLK" matches no ports in the
     design.  This preference has been disabled.

IO (PIO) Attributes
-------------------

+---------------------+-----------+-----------+------------+

                                    Page 2




Design:  MakeFPGA_Top                                  Date:  08/12/24  22:54:19

IO (PIO) Attributes (cont)
--------------------------
| IO Name             | Direction | Levelmode | IO         |
|                     |           |  IO_TYPE  | Register   |
+---------------------+-----------+-----------+------------+
| PIN10               | OUTPUT    | LVCMOS33  |            |
+---------------------+-----------+-----------+------------+
| PIN8                | OUTPUT    | LVCMOS33  |            |
+---------------------+-----------+-----------+------------+
| PIN7                | OUTPUT    | LVCMOS33  |            |
+---------------------+-----------+-----------+------------+
| PIN11               | OUTPUT    | LVCMOS33  |            |
+---------------------+-----------+-----------+------------+
| PIN12               | OUTPUT    | LVCMOS33  |            |
+---------------------+-----------+-----------+------------+
| PIN13               | OUTPUT    | LVCMOS33  |            |
+---------------------+-----------+-----------+------------+
| PIN14               | OUTPUT    | LVCMOS33  |            |
+---------------------+-----------+-----------+------------+
| PIN17               | OUTPUT    | LVCMOS33  |            |
+---------------------+-----------+-----------+------------+
| PIN18               | OUTPUT    | LVCMOS33  |            |
+---------------------+-----------+-----------+------------+
| PIN19               | OUTPUT    | LVCMOS33  |            |
+---------------------+-----------+-----------+------------+
| PIN20               | OUTPUT    | LVCMOS33  |            |
+---------------------+-----------+-----------+------------+
| LEDn                | OUTPUT    | LVCMOS33  |            |
+---------------------+-----------+-----------+------------+
| PIN9                | INPUT     | LVCMOS33  |            |
+---------------------+-----------+-----------+------------+

Removed logic
-------------

Block i2 undriven or does not drive anything - clipped.
Block GSR_INST undriven or does not drive anything - clipped.
Signal clk_N_193 was merged into signal PIN11_c
Signal TX0/n579 was merged into signal TX0/baud_en
Signal RX0/n1142 was merged into signal RX0/bauden
Signal RX0/n1146 was merged into signal RX0/state_1
Signal VCC_net undriven or does not drive anything - clipped.
Signal FreqDiv20Bit_inst/count_146_add_4_1/S0 undriven or does not drive
     anything - clipped.
Signal FreqDiv20Bit_inst/count_146_add_4_1/CI undriven or does not drive
     anything - clipped.
Signal FreqDiv20Bit_inst/count_146_add_4_21/S1 undriven or does not drive
     anything - clipped.
Signal FreqDiv20Bit_inst/count_146_add_4_21/CO undriven or does not drive
     anything - clipped.
Signal TX0/BAUD0/add_16_9/S1 undriven or does not drive anything - clipped.
Signal TX0/BAUD0/add_16_9/CO undriven or does not drive anything - clipped.
Signal TX0/BAUD0/add_16_1/S0 undriven or does not drive anything - clipped.
Signal TX0/BAUD0/add_16_1/CI undriven or does not drive anything - clipped.
Signal counter_register_145_add_4_1/S0 undriven or does not drive anything -
     clipped.
Signal counter_register_145_add_4_1/CI undriven or does not drive anything -
     clipped.

                                    Page 3




Design:  MakeFPGA_Top                                  Date:  08/12/24  22:54:19

Removed logic (cont)
--------------------
Signal RX0/baudgen0/add_16_9/S1 undriven or does not drive anything - clipped.
Signal RX0/baudgen0/add_16_9/CO undriven or does not drive anything - clipped.
Signal RX0/baudgen0/add_16_1/S0 undriven or does not drive anything - clipped.
Signal RX0/baudgen0/add_16_1/CI undriven or does not drive anything - clipped.
Signal counter_register_145_add_4_21/CO undriven or does not drive anything -
     clipped.
Block i904 was optimized away.
Block TX0/i367_1_lut was optimized away.
Block RX0/i366_1_lut_rep_5 was optimized away.
Block RX0/i1_1_lut_rep_9 was optimized away.

     

OSC Summary
-----------

OSC 1:                                     Pin/Node Value
  OSC Instance Name:                                OSCH_inst
  OSC Type:                                         OSCH
  STDBY Input:                                      NONE
  OSC Output:                              PIN,NODE PIN11_c
  OSC Nominal Frequency (MHz):                      2.08

ASIC Components
---------------

Instance Name: OSCH_inst
         Type: OSCH

Run Time and Memory Usage
-------------------------

   Total CPU Time: 0 secs  
   Total REAL Time: 0 secs  
   Peak Memory Usage: 40 MB
        





















                                    Page 4


Copyright (c) 1991-1994 by NeoCAD Inc. All rights reserved.
     Copyright (c) 1995 AT&T Corp.   All rights reserved.
     Copyright (c) 1995-2001 Lucent Technologies Inc.  All rights reserved.
     Copyright (c) 2001 Agere Systems   All rights reserved.
     Copyright (c) 2002-2023 Lattice Semiconductor Corporation,  All rights
     reserved.
