
Copyright (C) 1994-2023 Synopsys, Inc.
This Synopsys software and all associated documentation are proprietary to Synopsys, Inc.
and may only be used pursuant to the terms and conditions of a written license agreement
with Synopsys, Inc. All other use, reproduction, modification, or distribution of the
Synopsys software or the associated documentation is strictly prohibited.
Tool: Synplify Pro (R)
Build: U-2023.03L-SP1
Install: C:\Program Files\Lattice\diamond\3.13\synpbase
OS: Windows 10 or later
Hostname: GLEN

Implementation : Implementation

# Written on Tue Aug 27 19:00:10 2024

##### DESIGN INFO #######################################################

Top View:                "Fipsy_Top"
Constraint File(s):      (none)




##### SUMMARY ############################################################

Found 0 issues in 0 out of 0 constraints


##### DETAILS ############################################################



Clock Relationships
*******************

Starting                           Ending                             |     rise to rise     |     fall to fall     |     rise to fall     |     fall to rise                     
---------------------------------------------------------------------------------------------------------------------------------------------------------------------------------
Fipsy_Top|PIN11_inferred_clock     Fipsy_Top|PIN11_inferred_clock     |     480.769          |     No paths         |     No paths         |     No paths                         
=================================================================================================================================================================================
 Note: 'No paths' indicates there are no paths in the design for that pair of clock edges.
       'Diff grp' indicates that paths exist but the starting clock and ending clock are in different clock groups.


Unconstrained Start/End Points
******************************

p:LEDn
p:PIN7
p:PIN8
p:PIN9
p:PIN10
p:PIN11
p:PIN12
p:PIN13
p:PIN14
p:PIN17
p:PIN18
p:PIN19
p:PIN20


Inapplicable constraints
************************

(none)


Applicable constraints with issues
**********************************

(none)


Constraints with matching wildcard expressions
**********************************************

(none)


Library Report
**************


# End of Constraint Checker Report
