
synthesis -f "FipsyBaseline_Implementation_lattice.synproj"
synthesis:  version Diamond (64-bit) 3.13.0.56.2

Copyright (c) 1991-1994 by NeoCAD Inc. All rights reserved.
Copyright (c) 1995 AT&T Corp.   All rights reserved.
Copyright (c) 1995-2001 Lucent Technologies Inc.  All rights reserved.
Copyright (c) 2001 Agere Systems   All rights reserved.
Copyright (c) 2002-2023 Lattice Semiconductor Corporation,  All rights reserved.
Tue Aug 20 23:02:01 2024


Command Line:  synthesis -f FipsyBaseline_Implementation_lattice.synproj -gui -msgset C:/Users/enact/Projects/Fipsy-FPGA-edu/Examples/FipsyV1 - X02-256/2. Blinky 2HZ/project_files/promote.xml 

    <postMsg mid="35002000" type="Info"    dynamic="0" navigation="0"  />
Synthesis options:
The -a option is MachXO2.
The -s option is 4.
The -t option is QFN32.
The -d option is LCMXO2-256HC.
Using package QFN32.
Using performance grade 4.
                                                          

##########################################################

### Lattice Family : MachXO2

### Device  : LCMXO2-256HC

### Package : QFN32

### Speed   : 4

##########################################################

                                                          

    <postMsg mid="35001781" type="Info"    dynamic="0" navigation="0"  />
Optimization goal = Balanced
Top-level module name = MakeFPGA_Top.
Target frequency = 200.000000 MHz.
Maximum fanout = 1000.
Timing path count = 3
BRAM utilization = 100.000000 %
DSP usage = true
DSP utilization = 100.000000 %
fsm_encoding_style = auto
resolve_mixed_drivers = 0
fix_gated_clocks = 1

Mux style = Auto
Use Carry Chain = true
carry_chain_length = 0
Loop Limit = 1950.
Use IO Insertion = TRUE
Use IO Reg = AUTO

Resource Sharing = TRUE
Propagate Constants = TRUE
Remove Duplicate Registers = TRUE
force_gsr = auto
ROM style = auto
RAM style = auto
The -comp option is FALSE.
The -syn option is FALSE.
-p C:/Users/enact/Projects/Fipsy-FPGA-edu/Examples/FipsyV1 - X02-256/2. Blinky 2HZ/project_files (searchpath added)
-p C:/Program Files/Lattice/diamond/3.13/ispfpga/xo2c00/data (searchpath added)
-p C:/Users/enact/Projects/Fipsy-FPGA-edu/Examples/FipsyV1 - X02-256/2. Blinky 2HZ/project_files/Implementation (searchpath added)
-p C:/Users/enact/Projects/Fipsy-FPGA-edu/Examples/FipsyV1 - X02-256/2. Blinky 2HZ/project_files (searchpath added)
Verilog design file = C:/Users/enact/Projects/Fipsy-FPGA-edu/Examples/FipsyV1 - X02-256/2. Blinky 2HZ/project_files/Source/Blinky_Rate_Divider.v
Verilog design file = C:/Users/enact/Projects/Fipsy-FPGA-edu/Examples/FipsyV1 - X02-256/2. Blinky 2HZ/project_files/Source/FreqDiv20Bit.v
NGD file = FipsyBaseline_Implementation.ngd
-sdc option: SDC file input not used.
-lpf option: Output file option is ON.
Hardtimer checking is enabled (default). The -dt option is not used.
The -r option is OFF. [ Remove LOC Properties is OFF. ]
Technology check ok...

Analyzing Verilog file C:/Program Files/Lattice/diamond/3.13/ispfpga/userware/NT/SYNTHESIS_HEADERS/machxo2.v. VERI-1482
Compile design.
Compile Design Begin
Analyzing Verilog file c:/users/enact/projects/fipsy-fpga-edu/examples/fipsyv1 - x02-256/2. blinky 2hz/project_files/source/blinky_rate_divider.v. VERI-1482
Analyzing Verilog file c:/users/enact/projects/fipsy-fpga-edu/examples/fipsyv1 - x02-256/2. blinky 2hz/project_files/source/freqdiv20bit.v. VERI-1482
Analyzing Verilog file C:/Program Files/Lattice/diamond/3.13/ispfpga/userware/NT/SYNTHESIS_HEADERS/machxo2.v. VERI-1482
Top module name (Verilog): MakeFPGA_Top
    <postMsg mid="35901018" type="Info"    dynamic="2" navigation="2" arg0="c:/users/enact/projects/fipsy-fpga-edu/examples/fipsyv1 - x02-256/2. blinky 2hz/project_files/source/blinky_rate_divider.v(4): " arg1="MakeFPGA_Top" arg2="c:/users/enact/projects/fipsy-fpga-edu/examples/fipsyv1 - x02-256/2. blinky 2hz/project_files/source/blinky_rate_divider.v" arg3="4"  />
    <postMsg mid="35901018" type="Info"    dynamic="2" navigation="2" arg0="C:/Program Files/Lattice/diamond/3.13/ispfpga/userware/NT/SYNTHESIS_HEADERS/machxo2.v(1793): " arg1="OSCH" arg2="C:/Program Files/Lattice/diamond/3.13/ispfpga/userware/NT/SYNTHESIS_HEADERS/machxo2.v" arg3="1793"  />
    <postMsg mid="35901018" type="Info"    dynamic="2" navigation="2" arg0="c:/users/enact/projects/fipsy-fpga-edu/examples/fipsyv1 - x02-256/2. blinky 2hz/project_files/source/freqdiv20bit.v(20): " arg1="FreqDiv20Bit" arg2="c:/users/enact/projects/fipsy-fpga-edu/examples/fipsyv1 - x02-256/2. blinky 2hz/project_files/source/freqdiv20bit.v" arg3="20"  />
    <postMsg mid="35901209" type="Warning" dynamic="3" navigation="2" arg0="c:/users/enact/projects/fipsy-fpga-edu/examples/fipsyv1 - x02-256/2. blinky 2hz/project_files/source/freqdiv20bit.v(55): " arg1="32" arg2="20" arg3="c:/users/enact/projects/fipsy-fpga-edu/examples/fipsyv1 - x02-256/2. blinky 2hz/project_files/source/freqdiv20bit.v" arg4="55"  />
Last elaborated design is MakeFPGA_Top()
Loading NGL library 'C:/Program Files/Lattice/diamond/3.13/ispfpga/xo2c00/data/xo2clib.ngl'...
Loading NGL library 'C:/Program Files/Lattice/diamond/3.13/ispfpga/mg5g00/data/mg5glib.ngl'...
Loading NGL library 'C:/Program Files/Lattice/diamond/3.13/ispfpga/or5g00/data/orc5glib.ngl'...
Loading device for application map from file 'xo2c256.nph' in environment: C:/Program Files/Lattice/diamond/3.13/ispfpga.
Package Status:                     Final          Version 1.41.
Top-level module name = MakeFPGA_Top.
######## Converting I/O port PIN7 to output.
######## Converting I/O port PIN8 to output.
######## Converting I/O port PIN9 to output.
######## Converting I/O port PIN10 to input.
######## Converting I/O port PIN11 to output.
######## Converting I/O port PIN12 to output.
######## Converting I/O port PIN13 to output.
######## Converting I/O port PIN14 to output.
######## Converting I/O port PIN17 to output.
######## Converting I/O port PIN18 to output.
######## Converting I/O port PIN19 to output.
######## Converting I/O port PIN20 to output.



GSR will not be inferred because no asynchronous signal was found in the netlist.
Applying 200.000000 MHz constraint to all clocks

    <postMsg mid="35001611" type="Warning" dynamic="0" navigation="0"  />
Results of NGD DRC are available in MakeFPGA_Top_drc.log.
Loading NGL library 'C:/Program Files/Lattice/diamond/3.13/ispfpga/xo2c00/data/xo2clib.ngl'...
Loading NGL library 'C:/Program Files/Lattice/diamond/3.13/ispfpga/mg5g00/data/mg5glib.ngl'...
Loading NGL library 'C:/Program Files/Lattice/diamond/3.13/ispfpga/or5g00/data/orc5glib.ngl'...


Running DRC...

DRC complete with no errors or warnings

Design Results:
     51 blocks expanded
completed the first expansion
All blocks are expanded and NGD expansion is successful.
Writing NGD file FipsyBaseline_Implementation.ngd.

################### Begin Area Report (MakeFPGA_Top)######################
Number of register bits => 22 of 322 (6 % )
CCU2D => 11
FD1S3AX => 1
FD1S3AY => 1
FD1S3IX => 20
GSR => 1
IB => 1
OB => 12
OSCH => 1
################### End Area Report ##################

################### Begin BlackBox Report ######################
TSALL => 1
################### End BlackBox Report ##################

################### Begin Clock Report ######################
Clock Nets
Number of Clocks: 2
  Net : PIN11_c, loads : 21
  Net : FreqDiv20Bit_inst/PIN20_c_19, loads : 4
Clock Enable Nets
Number of Clock Enables: 0
Top 0 highest fanout Clock Enables:
Highest fanout non-clock nets
Top 10 highest fanout non-clock nets:
  Net : PIN10_c, loads : 20
  Net : LEDn_c, loads : 2
  Net : flop1, loads : 1
  Net : FreqDiv20Bit_inst/n20, loads : 1
  Net : FreqDiv20Bit_inst/n105, loads : 1
  Net : FreqDiv20Bit_inst/n86, loads : 1
  Net : FreqDiv20Bit_inst/n2, loads : 1
  Net : FreqDiv20Bit_inst/n87, loads : 1
  Net : FreqDiv20Bit_inst/n3, loads : 1
  Net : FreqDiv20Bit_inst/n88, loads : 1
################### End Clock Report ##################

Timing Report Summary
--------------
--------------------------------------------------------------------------------
Constraint                              |   Constraint|       Actual|Levels
--------------------------------------------------------------------------------
                                        |             |             |
create_clock -period 5.000000 -name     |             |             |
clk1 [get_nets PIN11_c]                 |  200.000 MHz|  181.028 MHz|    12 *
                                        |             |             |
create_clock -period 5.000000 -name     |             |             |
clk0 [get_nets PIN20_c_19]              |  200.000 MHz|  554.939 MHz|     1  
                                        |             |             |
--------------------------------------------------------------------------------


1 constraints not met.


Peak Memory Usage: 50.168  MB

--------------------------------------------------------------
Elapsed CPU time for LSE flow : 0.063  secs
--------------------------------------------------------------

map -a "MachXO2" -p LCMXO2-256HC -t QFN32 -s 4 -oc Commercial   "FipsyBaseline_Implementation.ngd" -o "FipsyBaseline_Implementation_map.ncd" -pr "FipsyBaseline_Implementation.prf" -mp "FipsyBaseline_Implementation.mrp" -lpf "C:/Users/enact/Projects/Fipsy-FPGA-edu/Examples/FipsyV1 - X02-256/2. Blinky 2HZ/project_files/Implementation/FipsyBaseline_Implementation.lpf" -lpf "C:/Users/enact/Projects/Fipsy-FPGA-edu/Examples/FipsyV1 - X02-256/2. Blinky 2HZ/project_files/FipsyBaseline.lpf"  -c 0           
map:  version Diamond (64-bit) 3.13.0.56.2

Copyright (c) 1991-1994 by NeoCAD Inc. All rights reserved.
Copyright (c) 1995 AT&T Corp.   All rights reserved.
Copyright (c) 1995-2001 Lucent Technologies Inc.  All rights reserved.
Copyright (c) 2001 Agere Systems   All rights reserved.
Copyright (c) 2002-2023 Lattice Semiconductor Corporation,  All rights reserved.
   Process the file: FipsyBaseline_Implementation.ngd
   Picdevice="LCMXO2-256HC"

   Pictype="QFN32"

   Picspeed=4

   Remove unused logic

   Do not produce over sized NCDs.

Part used: LCMXO2-256HCQFN32, Performance used: 4.

Loading device for application baspr from file 'xo2c256.nph' in environment: C:/Program Files/Lattice/diamond/3.13/ispfpga.
Package Status:                     Final          Version 1.41.

Running general design DRC...

Removing unused logic...

Optimizing...




Design Summary:
   Number of registers:     22 out of   322 (7%)
      PFU registers:           22 out of   256 (9%)
      PIO registers:            0 out of    66 (0%)
   Number of SLICEs:        12 out of   128 (9%)
      SLICEs as Logic/ROM:     12 out of   128 (9%)
      SLICEs as RAM:            0 out of    96 (0%)
      SLICEs as Carry:         11 out of   128 (9%)
   Number of LUT4s:         23 out of   256 (9%)
      Number used as logic LUTs:          1
      Number used as distributed RAM:     0
      Number used as ripple logic:       22
      Number used as shift registers:     0
   Number of PIO sites used: 13 + 4(JTAG) out of 22 (77%)
   Number of block RAMs:  0 out of 0
   Number of GSRs:        0 out of 1 (0%)
   EFB used :        No
   JTAG used :       No
   Readback used :   No
   Oscillator used : Yes
   Startup used :    No
   POR :             On
   Bandgap :         On
   Number of Power Controller:  0 out of 1 (0%)
   Number of Dynamic Bank Controller (BCINRD):  0 out of 4 (0%)
   Number of DCCA:  0 out of 8 (0%)
   Number of DCMA:  0 out of 2 (0%)
   Notes:-
      1. Total number of LUT4s = (Number of logic LUT4s) + 2*(Number of distributed RAMs) + 2*(Number of ripple logic)
      2. Number of logic LUT4s does not include count of distributed RAM and ripple logic.
   Number of clocks:  2
     Net PIN20_c_19: 1 loads, 1 rising, 0 falling (Driver: FreqDiv20Bit_inst/count_11__i19 )
     Net PIN11_c: 11 loads, 11 rising, 0 falling (Driver: OSCH_inst )
   Number of Clock Enables:  0
   Number of LSRs:  1
     Net PIN10_c: 11 loads, 11 LSLICEs
   Number of nets driven by tri-state buffers:  0
   Top 10 highest fanout non-clock nets:
     Net PIN10_c: 11 loads
     Net LEDn_c: 2 loads
     Net flop1: 1 loads
     Net FreqDiv20Bit_inst/n105: 1 loads
     Net FreqDiv20Bit_inst/n2: 1 loads
     Net FreqDiv20Bit_inst/n20: 1 loads
     Net FreqDiv20Bit_inst/n3: 1 loads
     Net FreqDiv20Bit_inst/n86: 1 loads
     Net FreqDiv20Bit_inst/n87: 1 loads
     Net FreqDiv20Bit_inst/n88: 1 loads
 

   Number of warnings:  0
   Number of errors:    0



Total CPU Time: 0 secs  
Total REAL Time: 0 secs  
Peak Memory Usage: 31 MB

Dumping design to file FipsyBaseline_Implementation_map.ncd.

ncd2vdb "FipsyBaseline_Implementation_map.ncd" ".vdbs/FipsyBaseline_Implementation_map.vdb"

Loading device for application ncd2vdb from file 'xo2c256.nph' in environment: C:/Program Files/Lattice/diamond/3.13/ispfpga.

trce -f "FipsyBaseline_Implementation.mt" -o "FipsyBaseline_Implementation.tw1" "FipsyBaseline_Implementation_map.ncd" "FipsyBaseline_Implementation.prf"
trce:  version Diamond (64-bit) 3.13.0.56.2

Copyright (c) 1991-1994 by NeoCAD Inc. All rights reserved.
Copyright (c) 1995 AT&T Corp.   All rights reserved.
Copyright (c) 1995-2001 Lucent Technologies Inc.  All rights reserved.
Copyright (c) 2001 Agere Systems   All rights reserved.
Copyright (c) 2002-2023 Lattice Semiconductor Corporation,  All rights reserved.

Loading design for application trce from file fipsybaseline_implementation_map.ncd.
Design name: MakeFPGA_Top
NCD version: 3.3
Vendor:      LATTICE
Device:      LCMXO2-256HC
Package:     QFN32
Performance: 4
Loading device for application trce from file 'xo2c256.nph' in environment: C:/Program Files/Lattice/diamond/3.13/ispfpga.
Package Status:                     Final          Version 1.41.
Performance Hardware Data Status:   Final          Version 34.4.
Setup and Hold Report

--------------------------------------------------------------------------------
Lattice TRACE Report - Setup, Version Diamond (64-bit) 3.13.0.56.2
Tue Aug 20 23:02:02 2024

Copyright (c) 1991-1994 by NeoCAD Inc. All rights reserved.
Copyright (c) 1995 AT&T Corp.   All rights reserved.
Copyright (c) 1995-2001 Lucent Technologies Inc.  All rights reserved.
Copyright (c) 2001 Agere Systems   All rights reserved.
Copyright (c) 2002-2023 Lattice Semiconductor Corporation,  All rights reserved.

Report Information
------------------
Command line:    trce -v 1 -gt -mapchkpnt 0 -sethld -o FipsyBaseline_Implementation.tw1 -gui -msgset C:/Users/enact/Projects/Fipsy-FPGA-edu/Examples/FipsyV1 - X02-256/2. Blinky 2HZ/project_files/promote.xml FipsyBaseline_Implementation_map.ncd FipsyBaseline_Implementation.prf 
Design file:     fipsybaseline_implementation_map.ncd
Preference file: fipsybaseline_implementation.prf
Device,speed:    LCMXO2-256HC,4
Report level:    verbose report, limited to 1 item per preference
--------------------------------------------------------------------------------

BLOCK ASYNCPATHS
BLOCK RESETPATHS
--------------------------------------------------------------------------------


Derating parameters
-------------------
Voltage:    3.300 V

VCCIO Voltage:
                   3.300 V (Bank 0, defined by PAR)
                   3.300 V (Bank 1, defined by PAR)
                   3.300 V (Bank 2, defined by PAR)
                   3.300 V (Bank 3, defined by PAR)



Timing summary (Setup):
---------------

Timing errors: 0  Score: 0
Cumulative negative slack: 0

Constraints cover 212 paths, 2 nets, and 76 connections (87.36% coverage)

--------------------------------------------------------------------------------
Lattice TRACE Report - Hold, Version Diamond (64-bit) 3.13.0.56.2
Tue Aug 20 23:02:02 2024

Copyright (c) 1991-1994 by NeoCAD Inc. All rights reserved.
Copyright (c) 1995 AT&T Corp.   All rights reserved.
Copyright (c) 1995-2001 Lucent Technologies Inc.  All rights reserved.
Copyright (c) 2001 Agere Systems   All rights reserved.
Copyright (c) 2002-2023 Lattice Semiconductor Corporation,  All rights reserved.

Report Information
------------------
Command line:    trce -v 1 -gt -mapchkpnt 0 -sethld -o FipsyBaseline_Implementation.tw1 -gui -msgset C:/Users/enact/Projects/Fipsy-FPGA-edu/Examples/FipsyV1 - X02-256/2. Blinky 2HZ/project_files/promote.xml FipsyBaseline_Implementation_map.ncd FipsyBaseline_Implementation.prf 
Design file:     fipsybaseline_implementation_map.ncd
Preference file: fipsybaseline_implementation.prf
Device,speed:    LCMXO2-256HC,M
Report level:    verbose report, limited to 1 item per preference
--------------------------------------------------------------------------------

BLOCK ASYNCPATHS
BLOCK RESETPATHS
--------------------------------------------------------------------------------


Derating parameters
-------------------
Voltage:    3.300 V

VCCIO Voltage:
                   3.300 V (Bank 0, defined by PAR)
                   3.300 V (Bank 1, defined by PAR)
                   3.300 V (Bank 2, defined by PAR)
                   3.300 V (Bank 3, defined by PAR)



Timing summary (Hold):
---------------

Timing errors: 0  Score: 0
Cumulative negative slack: 0

Constraints cover 212 paths, 2 nets, and 76 connections (87.36% coverage)



Timing summary (Setup and Hold):
---------------

Timing errors: 0 (setup), 0 (hold)
Score: 0 (setup), 0 (hold)
Cumulative negative slack: 0 (0+0)
--------------------------------------------------------------------------------

--------------------------------------------------------------------------------

Total CPU Time: 0 secs 
Total REAL Time: 0 secs 
Peak Memory Usage: 37 MB


ldbanno "FipsyBaseline_Implementation_map.ncd" -n Verilog -o "FipsyBaseline_Implementation_mapvo.vo" -w -neg
ldbanno: version Diamond (64-bit) 3.13.0.56.2
Copyright (c) 1991-1994 by NeoCAD Inc. All rights reserved.
Copyright (c) 1995 AT&T Corp.   All rights reserved.
Copyright (c) 1995-2001 Lucent Technologies Inc.  All rights reserved.
Copyright (c) 2001 Agere Systems   All rights reserved.
Copyright (c) 2002-2023 Lattice Semiconductor Corporation,  All rights reserved.

Writing a Verilog netlist using the orca library type based on the FipsyBaseline_Implementation_map design file.


Loading design for application ldbanno from file FipsyBaseline_Implementation_map.ncd.
Design name: MakeFPGA_Top
NCD version: 3.3
Vendor:      LATTICE
Device:      LCMXO2-256HC
Package:     QFN32
Performance: 4
Loading device for application ldbanno from file 'xo2c256.nph' in environment: C:/Program Files/Lattice/diamond/3.13/ispfpga.
Package Status:                     Final          Version 1.41.
Performance Hardware Data Status:   Final          Version 34.4.
Converting design FipsyBaseline_Implementation_map.ncd into .ldb format.
Writing Verilog netlist to file FipsyBaseline_Implementation_mapvo.vo
Writing SDF timing to file FipsyBaseline_Implementation_mapvo.sdf
    <postMsg mid="35400250" type="Info"    dynamic="1" navigation="0" arg0="0"  />
Total CPU Time: 0 secs 
Total REAL Time: 0 secs 
Peak Memory Usage: 33 MB

ldbanno "FipsyBaseline_Implementation_map.ncd" -n VHDL -o "FipsyBaseline_Implementation_mapvho.vho" -w -neg
ldbanno: version Diamond (64-bit) 3.13.0.56.2
Copyright (c) 1991-1994 by NeoCAD Inc. All rights reserved.
Copyright (c) 1995 AT&T Corp.   All rights reserved.
Copyright (c) 1995-2001 Lucent Technologies Inc.  All rights reserved.
Copyright (c) 2001 Agere Systems   All rights reserved.
Copyright (c) 2002-2023 Lattice Semiconductor Corporation,  All rights reserved.

Writing a VHDL netlist using the orca library type based on the FipsyBaseline_Implementation_map design file.


Loading design for application ldbanno from file FipsyBaseline_Implementation_map.ncd.
Design name: MakeFPGA_Top
NCD version: 3.3
Vendor:      LATTICE
Device:      LCMXO2-256HC
Package:     QFN32
Performance: 4
Loading device for application ldbanno from file 'xo2c256.nph' in environment: C:/Program Files/Lattice/diamond/3.13/ispfpga.
Package Status:                     Final          Version 1.41.
Performance Hardware Data Status:   Final          Version 34.4.
Converting design FipsyBaseline_Implementation_map.ncd into .ldb format.
    <postMsg mid="35400209" type="Warning" dynamic="3" navigation="0" arg0="DEFAULT" arg1="-1" arg2="Keyword"  />
    <postMsg mid="35400209" type="Warning" dynamic="3" navigation="0" arg0="ASSERT" arg1="-1" arg2="Keyword"  />
Writing VHDL netlist to file FipsyBaseline_Implementation_mapvho.vho
Writing SDF timing to file FipsyBaseline_Implementation_mapvho.sdf
    <postMsg mid="35400250" type="Info"    dynamic="1" navigation="0" arg0="0"  />
Total CPU Time: 0 secs 
Total REAL Time: 0 secs 
Peak Memory Usage: 33 MB

mpartrce -p "FipsyBaseline_Implementation.p2t" -f "FipsyBaseline_Implementation.p3t" -tf "FipsyBaseline_Implementation.pt" "FipsyBaseline_Implementation_map.ncd" "FipsyBaseline_Implementation.ncd"

---- MParTrce Tool ----
Removing old design directory at request of -rem command line option to this program.
Running par. Please wait . . .

Lattice Place and Route Report for Design "FipsyBaseline_Implementation_map.ncd"
Tue Aug 20 23:02:04 2024

PAR: Place And Route Diamond (64-bit) 3.13.0.56.2.
Command Line: par -w -l 5 -i 6 -t 1 -c 0 -e 0 -gui -msgset "C:/Users/enact/Projects/Fipsy-FPGA-edu/Examples/FipsyV1 - X02-256/2. Blinky 2HZ/project_files/promote.xml" -exp parUseNBR=1:parCDP=0:parCDR=0:parPathBased=OFF:parASE=1 FipsyBaseline_Implementation_map.ncd FipsyBaseline_Implementation.dir/5_1.ncd FipsyBaseline_Implementation.prf
Preference file: FipsyBaseline_Implementation.prf.
Placement level-cost: 5-1.
Routing Iterations: 6

Loading design for application par from file FipsyBaseline_Implementation_map.ncd.
Design name: MakeFPGA_Top
NCD version: 3.3
Vendor:      LATTICE
Device:      LCMXO2-256HC
Package:     QFN32
Performance: 4
Loading device for application par from file 'xo2c256.nph' in environment: C:/Program Files/Lattice/diamond/3.13/ispfpga.
Package Status:                     Final          Version 1.41.
Performance Hardware Data Status:   Final          Version 34.4.
License checked out.


Ignore Preference Error(s):  True
Device utilization summary:

   PIO (prelim)   13+4(JTAG)/56      30% used
                  13+4(JTAG)/22      77% bonded

   SLICE             12/128           9% used

   OSC                1/1           100% used


Number of Signals: 55
Number of Connections: 87
    <postMsg mid="61061045" type="Warning" dynamic="0" navigation="0"  />

Pin Constraint Summary:
   13 out of 13 pins locked (100% locked).

The following 1 signal is selected to use the primary clock routing resources:
    PIN11_c (driver: OSCH_inst, clk load #: 11)


The following 1 signal is selected to use the secondary clock routing resources:
    PIN10_c (driver: PIN10, clk load #: 0, sr load #: 11, ce load #: 0)

    <postMsg mid="61061008" type="Warning" dynamic="5" navigation="0" arg0="PIN10_c" arg1="Secondary" arg2="PIN10" arg3="14" arg4="Secondary"  />
No signal is selected as Global Set/Reset.
Starting Placer Phase 0.

Finished Placer Phase 0.  REAL time: 0 secs 

Starting Placer Phase 1.
..................
Placer score = 1562.
Finished Placer Phase 1.  REAL time: 2 secs 

Starting Placer Phase 2.
.
Placer score =  1562
Finished Placer Phase 2.  REAL time: 2 secs 


------------------ Clock Report ------------------

Global Clock Resources:
  CLK_PIN    : 0 out of 8 (0%)
  General PIO: 1 out of 56 (1%)
  DCM        : 0 out of 2 (0%)
  DCC        : 0 out of 8 (0%)

Global Clocks:
  PRIMARY "PIN11_c" from OSC on comp "OSCH_inst" on site "OSC", clk load = 11
  SECONDARY "PIN10_c" from comp "PIN10" on PIO site "14 (PB4D)", clk load = 0, ce load = 0, sr load = 11

  PRIMARY  : 1 out of 8 (12%)
  SECONDARY: 1 out of 8 (12%)

--------------- End of Clock Report ---------------


I/O Usage Summary (final):
   13 + 4(JTAG) out of 56 (30.4%) PIO sites used.
   13 + 4(JTAG) out of 22 (77.3%) bonded PIO sites used.
   Number of PIO comps: 13; differential: 0.
   Number of Vref pins used: 0.

I/O Bank Usage Summary:
+----------+--------------+------------+-----------+
| I/O Bank | Usage        | Bank Vccio | Bank Vref |
+----------+--------------+------------+-----------+
| 0        | 4 / 9 ( 44%) | 3.3V       | -         |
| 1        | 2 / 2 (100%) | 3.3V       | -         |
| 2        | 5 / 9 ( 55%) | 3.3V       | -         |
| 3        | 2 / 2 (100%) | 3.3V       | -         |
+----------+--------------+------------+-----------+

Total placer CPU time: 1 secs 

Dumping design to file FipsyBaseline_Implementation.dir/5_1.ncd.

0 connections routed; 87 unrouted.
Starting router resource preassignment

    <postMsg mid="66011008" type="Warning" dynamic="1" navigation="0" arg0="&#xA;   Signal=PIN20_c_19 loads=3 clock_loads=1"  />

Completed router resource preassignment. Real time: 2 secs 

Start NBR router at 23:02:06 08/20/24

*****************************************************************
Info: NBR allows conflicts(one node used by more than one signal)
      in the earlier iterations. In each iteration, it tries to  
      solve the conflicts while keeping the critical connections 
      routed as short as possible. The routing process is said to
      be completed when no conflicts exist and all connections   
      are routed.                                                
Note: NBR uses a different method to calculate timing slacks. The
      worst slack and total negative slack may not be the same as
      that in TRCE report. You should always run TRCE to verify  
      your design.                                               
*****************************************************************

Start NBR special constraint process at 23:02:06 08/20/24

Start NBR section for initial routing at 23:02:06 08/20/24
Level 4, iteration 1
0(0.00%) conflict; 0(0.00%) untouched conn; 0 (nbr) score; 
Estimated worst slack/total negative slack<setup>: 48.625ns/0.000ns; real time: 2 secs 

Info: Initial congestion level at 75% usage is 0
Info: Initial congestion area  at 75% usage is 0 (0.00%)

Start NBR section for normal routing at 23:02:06 08/20/24
Level 4, iteration 1
0(0.00%) conflict; 0(0.00%) untouched conn; 0 (nbr) score; 
Estimated worst slack/total negative slack<setup>: 48.625ns/0.000ns; real time: 2 secs 

Start NBR section for setup/hold timing optimization with effort level 3 at 23:02:06 08/20/24

Start NBR section for re-routing at 23:02:07 08/20/24
Level 4, iteration 1
0(0.00%) conflict; 0(0.00%) untouched conn; 0 (nbr) score; 
Estimated worst slack/total negative slack<setup>: 48.625ns/0.000ns; real time: 3 secs 

Start NBR section for post-routing at 23:02:07 08/20/24

End NBR router with 0 unrouted connection

NBR Summary
-----------
  Number of unrouted connections : 0 (0.00%)
  Number of connections with timing violations : 0 (0.00%)
  Estimated worst slack<setup> : 48.625ns
  Timing score<setup> : 0
-----------
Notes: The timing info is calculated for SETUP only and all PAR_ADJs are ignored.



    <postMsg mid="66011008" type="Warning" dynamic="1" navigation="0" arg0="&#xA;   Signal=PIN20_c_19 loads=3 clock_loads=1"  />

Total CPU time 1 secs 
Total REAL time: 3 secs 
Completely routed.
End of route.  87 routed (100.00%); 0 unrouted.

Hold time timing score: 0, hold timing errors: 0

Timing score: 0 

Dumping design to file FipsyBaseline_Implementation.dir/5_1.ncd.


PAR_SUMMARY::Run status = Completed
PAR_SUMMARY::Number of unrouted conns = 0
PAR_SUMMARY::Worst  slack<setup/<ns>> = 48.625
PAR_SUMMARY::Timing score<setup/<ns>> = 0.000
PAR_SUMMARY::Worst  slack<hold /<ns>> = 0.304
PAR_SUMMARY::Timing score<hold /<ns>> = 0.000
PAR_SUMMARY::Number of errors = 0

Total CPU  time to completion: 1 secs 
Total REAL time to completion: 3 secs 

par done!

Note: user must run 'Trace' for timing closure signoff.

Copyright (c) 1991-1994 by NeoCAD Inc. All rights reserved.
Copyright (c) 1995 AT&T Corp.   All rights reserved.
Copyright (c) 1995-2001 Lucent Technologies Inc.  All rights reserved.
Copyright (c) 2001 Agere Systems   All rights reserved.
Copyright (c) 2002-2023 Lattice Semiconductor Corporation,  All rights reserved.
Exiting par with exit code 0
Exiting mpartrce with exit code 0

trce -f "FipsyBaseline_Implementation.pt" -o "FipsyBaseline_Implementation.twr" "FipsyBaseline_Implementation.ncd" "FipsyBaseline_Implementation.prf"
trce:  version Diamond (64-bit) 3.13.0.56.2

Copyright (c) 1991-1994 by NeoCAD Inc. All rights reserved.
Copyright (c) 1995 AT&T Corp.   All rights reserved.
Copyright (c) 1995-2001 Lucent Technologies Inc.  All rights reserved.
Copyright (c) 2001 Agere Systems   All rights reserved.
Copyright (c) 2002-2023 Lattice Semiconductor Corporation,  All rights reserved.

Loading design for application trce from file fipsybaseline_implementation.ncd.
Design name: MakeFPGA_Top
NCD version: 3.3
Vendor:      LATTICE
Device:      LCMXO2-256HC
Package:     QFN32
Performance: 4
Loading device for application trce from file 'xo2c256.nph' in environment: C:/Program Files/Lattice/diamond/3.13/ispfpga.
Package Status:                     Final          Version 1.41.
Performance Hardware Data Status:   Final          Version 34.4.
Setup and Hold Report

--------------------------------------------------------------------------------
Lattice TRACE Report - Setup, Version Diamond (64-bit) 3.13.0.56.2
Tue Aug 20 23:02:07 2024

Copyright (c) 1991-1994 by NeoCAD Inc. All rights reserved.
Copyright (c) 1995 AT&T Corp.   All rights reserved.
Copyright (c) 1995-2001 Lucent Technologies Inc.  All rights reserved.
Copyright (c) 2001 Agere Systems   All rights reserved.
Copyright (c) 2002-2023 Lattice Semiconductor Corporation,  All rights reserved.

Report Information
------------------
Command line:    trce -v 10 -gt -sethld -sp 4 -sphld m -o FipsyBaseline_Implementation.twr -gui -msgset C:/Users/enact/Projects/Fipsy-FPGA-edu/Examples/FipsyV1 - X02-256/2. Blinky 2HZ/project_files/promote.xml FipsyBaseline_Implementation.ncd FipsyBaseline_Implementation.prf 
Design file:     fipsybaseline_implementation.ncd
Preference file: fipsybaseline_implementation.prf
Device,speed:    LCMXO2-256HC,4
Report level:    verbose report, limited to 10 items per preference
--------------------------------------------------------------------------------

BLOCK ASYNCPATHS
BLOCK RESETPATHS
--------------------------------------------------------------------------------


Derating parameters
-------------------
Voltage:    3.300 V

VCCIO Voltage:
                   3.300 V (Bank 0, defined by PAR)
                   3.300 V (Bank 1, defined by PAR)
                   3.300 V (Bank 2, defined by PAR)
                   3.300 V (Bank 3, defined by PAR)



Timing summary (Setup):
---------------

Timing errors: 0  Score: 0
Cumulative negative slack: 0

Constraints cover 212 paths, 2 nets, and 76 connections (87.36% coverage)

--------------------------------------------------------------------------------
Lattice TRACE Report - Hold, Version Diamond (64-bit) 3.13.0.56.2
Tue Aug 20 23:02:07 2024

Copyright (c) 1991-1994 by NeoCAD Inc. All rights reserved.
Copyright (c) 1995 AT&T Corp.   All rights reserved.
Copyright (c) 1995-2001 Lucent Technologies Inc.  All rights reserved.
Copyright (c) 2001 Agere Systems   All rights reserved.
Copyright (c) 2002-2023 Lattice Semiconductor Corporation,  All rights reserved.

Report Information
------------------
Command line:    trce -v 10 -gt -sethld -sp 4 -sphld m -o FipsyBaseline_Implementation.twr -gui -msgset C:/Users/enact/Projects/Fipsy-FPGA-edu/Examples/FipsyV1 - X02-256/2. Blinky 2HZ/project_files/promote.xml FipsyBaseline_Implementation.ncd FipsyBaseline_Implementation.prf 
Design file:     fipsybaseline_implementation.ncd
Preference file: fipsybaseline_implementation.prf
Device,speed:    LCMXO2-256HC,m
Report level:    verbose report, limited to 10 items per preference
--------------------------------------------------------------------------------

BLOCK ASYNCPATHS
BLOCK RESETPATHS
--------------------------------------------------------------------------------


Derating parameters
-------------------
Voltage:    3.300 V

VCCIO Voltage:
                   3.300 V (Bank 0, defined by PAR)
                   3.300 V (Bank 1, defined by PAR)
                   3.300 V (Bank 2, defined by PAR)
                   3.300 V (Bank 3, defined by PAR)



Timing summary (Hold):
---------------

Timing errors: 0  Score: 0
Cumulative negative slack: 0

Constraints cover 212 paths, 2 nets, and 76 connections (87.36% coverage)



Timing summary (Setup and Hold):
---------------

Timing errors: 0 (setup), 0 (hold)
Score: 0 (setup), 0 (hold)
Cumulative negative slack: 0 (0+0)
--------------------------------------------------------------------------------

--------------------------------------------------------------------------------

Total CPU Time: 0 secs 
Total REAL Time: 0 secs 
Peak Memory Usage: 37 MB


iotiming  "FipsyBaseline_Implementation.ncd" "FipsyBaseline_Implementation.prf"
I/O Timing Report:
:  version Diamond (64-bit) 3.13.0.56.2

Copyright (c) 1991-1994 by NeoCAD Inc. All rights reserved.
Copyright (c) 1995 AT&T Corp.   All rights reserved.
Copyright (c) 1995-2001 Lucent Technologies Inc.  All rights reserved.
Copyright (c) 2001 Agere Systems   All rights reserved.
Copyright (c) 2002-2023 Lattice Semiconductor Corporation,  All rights reserved.

Loading design for application iotiming from file fipsybaseline_implementation.ncd.
Design name: MakeFPGA_Top
NCD version: 3.3
Vendor:      LATTICE
Device:      LCMXO2-256HC
Package:     QFN32
Performance: 4
Loading device for application iotiming from file 'xo2c256.nph' in environment: C:/Program Files/Lattice/diamond/3.13/ispfpga.
Package Status:                     Final          Version 1.41.
Performance Hardware Data Status:   Final          Version 34.4.
Running Performance Grade: 4
Computing Setup Time ...
Computing Max Clock to Output Delay ...
Computing Hold Time ...
Computing Min Clock to Output Delay ...

Loading design for application iotiming from file fipsybaseline_implementation.ncd.
Design name: MakeFPGA_Top
NCD version: 3.3
Vendor:      LATTICE
Device:      LCMXO2-256HC
Package:     QFN32
Performance: 5
Package Status:                     Final          Version 1.41.
Performance Hardware Data Status:   Final          Version 34.4.
Running Performance Grade: 5
Computing Setup Time ...
Computing Max Clock to Output Delay ...
Computing Hold Time ...
Computing Min Clock to Output Delay ...

Loading design for application iotiming from file fipsybaseline_implementation.ncd.
Design name: MakeFPGA_Top
NCD version: 3.3
Vendor:      LATTICE
Device:      LCMXO2-256HC
Package:     QFN32
Performance: 6
Package Status:                     Final          Version 1.41.
Performance Hardware Data Status:   Final          Version 34.4.
Running Performance Grade: 6
Computing Setup Time ...
Computing Max Clock to Output Delay ...
Computing Hold Time ...
Computing Min Clock to Output Delay ...

Loading design for application iotiming from file fipsybaseline_implementation.ncd.
Design name: MakeFPGA_Top
NCD version: 3.3
Vendor:      LATTICE
Device:      LCMXO2-256HC
Package:     QFN32
Performance: M
Package Status:                     Final          Version 1.41.
Performance Hardware Data Status:   Final          Version 34.4.
Running Performance Grade: M
Computing Setup Time ...
Computing Max Clock to Output Delay ...
Computing Hold Time ...
Computing Min Clock to Output Delay ...
Done.

tmcheck -par "FipsyBaseline_Implementation.par" 

bitgen -f "FipsyBaseline_Implementation.t2b" -w "FipsyBaseline_Implementation.ncd"  -jedec "FipsyBaseline_Implementation.prf"


BITGEN: Bitstream Generator Diamond (64-bit) 3.13.0.56.2
Copyright (c) 1991-1994 by NeoCAD Inc. All rights reserved.
Copyright (c) 1995 AT&T Corp.   All rights reserved.
Copyright (c) 1995-2001 Lucent Technologies Inc.  All rights reserved.
Copyright (c) 2001 Agere Systems   All rights reserved.
Copyright (c) 2002-2023 Lattice Semiconductor Corporation,  All rights reserved.


Loading design for application Bitgen from file FipsyBaseline_Implementation.ncd.
Design name: MakeFPGA_Top
NCD version: 3.3
Vendor:      LATTICE
Device:      LCMXO2-256HC
Package:     QFN32
Performance: 4
Loading device for application Bitgen from file 'xo2c256.nph' in environment: C:/Program Files/Lattice/diamond/3.13/ispfpga.
Package Status:                     Final          Version 1.41.
Performance Hardware Data Status:   Final          Version 34.4.

Running DRC.
DRC detected 0 errors and 0 warnings.
Reading Preference File from FipsyBaseline_Implementation.prf.
    <postMsg mid="1009992" type="Info"    dynamic="1" navigation="0" arg0=" SW_XO3D_SECURITY_ENCRYPTION *NOT* controlled by xo2c00.acd ###"  />
    <postMsg mid="1009992" type="Info"    dynamic="1" navigation="0" arg0=" SW_XO3D_SECURITY_ENCRYPTION license_securityIP OK"  />

Preference Summary:
+---------------------------------+---------------------------------+
|  Preference                     |  Current Setting                |
+---------------------------------+---------------------------------+
|                         RamCfg  |                        Reset**  |
+---------------------------------+---------------------------------+
|                     MCCLK_FREQ  |                         2.08**  |
+---------------------------------+---------------------------------+
|                  CONFIG_SECURE  |                          OFF**  |
+---------------------------------+---------------------------------+
|                          INBUF  |                           ON**  |
+---------------------------------+---------------------------------+
|                      JTAG_PORT  |                       ENABLE**  |
+---------------------------------+---------------------------------+
|                       SDM_PORT  |                      DISABLE**  |
+---------------------------------+---------------------------------+
|                 SLAVE_SPI_PORT  |                         ENABLE  |
+---------------------------------+---------------------------------+
|                MASTER_SPI_PORT  |                      DISABLE**  |
+---------------------------------+---------------------------------+
|                       I2C_PORT  |                      DISABLE**  |
+---------------------------------+---------------------------------+
|        MUX_CONFIGURATION_PORTS  |                      DISABLE**  |
+---------------------------------+---------------------------------+
|                  CONFIGURATION  |                          CFG**  |
+---------------------------------+---------------------------------+
|                COMPRESS_CONFIG  |                           ON**  |
+---------------------------------+---------------------------------+
|                        MY_ASSP  |                          OFF**  |
+---------------------------------+---------------------------------+
|               ONE_TIME_PROGRAM  |                          OFF**  |
+---------------------------------+---------------------------------+
|                 ENABLE_TRANSFR  |                      DISABLE**  |
+---------------------------------+---------------------------------+
|                  SHAREDEBRINIT  |                      DISABLE**  |
+---------------------------------+---------------------------------+
|            BACKGROUND_RECONFIG  |                          OFF**  |
+---------------------------------+---------------------------------+
 *  Default setting.
 ** The specified setting matches the default setting.


Creating bit map...
 
Bitstream Status: Final           Version 1.95.
 
Saving bit stream in "FipsyBaseline_Implementation.jed".
=========
Padding summary
=========
Padded 59136 bits for this design


Total CPU Time: 0 secs 
Total REAL Time: 0 secs 
Peak Memory Usage: 240 MB
