synthesis:  version Diamond (64-bit) 3.13.0.56.2

Copyright (c) 1991-1994 by NeoCAD Inc. All rights reserved.
Copyright (c) 1995 AT&T Corp.   All rights reserved.
Copyright (c) 1995-2001 Lucent Technologies Inc.  All rights reserved.
Copyright (c) 2001 Agere Systems   All rights reserved.
Copyright (c) 2002-2023 Lattice Semiconductor Corporation,  All rights reserved.
Tue Aug 20 23:02:01 2024


Command Line:  synthesis -f FipsyBaseline_Implementation_lattice.synproj -gui -msgset C:/Users/enact/Projects/Fipsy-FPGA-edu/Examples/FipsyV1 - X02-256/2. Blinky 2HZ/project_files/promote.xml 

Synthesis options:
The -a option is MachXO2.
The -s option is 4.
The -t option is QFN32.
The -d option is LCMXO2-256HC.
Using package QFN32.
Using performance grade 4.
                                                          

##########################################################

### Lattice Family : MachXO2

### Device  : LCMXO2-256HC

### Package : QFN32

### Speed   : 4

##########################################################

                                                          

INFO - synthesis: User-Selected Strategy Settings
Optimization goal = Balanced
Top-level module name = MakeFPGA_Top.
Target frequency = 200.000000 MHz.
Maximum fanout = 1000.
Timing path count = 3
BRAM utilization = 100.000000 %
DSP usage = true
DSP utilization = 100.000000 %
fsm_encoding_style = auto
resolve_mixed_drivers = 0
fix_gated_clocks = 1

Mux style = Auto
Use Carry Chain = true
carry_chain_length = 0
Loop Limit = 1950.
Use IO Insertion = TRUE
Use IO Reg = AUTO

Resource Sharing = TRUE
Propagate Constants = TRUE
Remove Duplicate Registers = TRUE
force_gsr = auto
ROM style = auto
RAM style = auto
The -comp option is FALSE.
The -syn option is FALSE.
-p C:/Users/enact/Projects/Fipsy-FPGA-edu/Examples/FipsyV1 - X02-256/2. Blinky 2HZ/project_files (searchpath added)
-p C:/Program Files/Lattice/diamond/3.13/ispfpga/xo2c00/data (searchpath added)
-p C:/Users/enact/Projects/Fipsy-FPGA-edu/Examples/FipsyV1 - X02-256/2. Blinky 2HZ/project_files/Implementation (searchpath added)
-p C:/Users/enact/Projects/Fipsy-FPGA-edu/Examples/FipsyV1 - X02-256/2. Blinky 2HZ/project_files (searchpath added)
Verilog design file = C:/Users/enact/Projects/Fipsy-FPGA-edu/Examples/FipsyV1 - X02-256/2. Blinky 2HZ/project_files/Source/Blinky_Rate_Divider.v
Verilog design file = C:/Users/enact/Projects/Fipsy-FPGA-edu/Examples/FipsyV1 - X02-256/2. Blinky 2HZ/project_files/Source/FreqDiv20Bit.v
NGD file = FipsyBaseline_Implementation.ngd
-sdc option: SDC file input not used.
-lpf option: Output file option is ON.
Hardtimer checking is enabled (default). The -dt option is not used.
The -r option is OFF. [ Remove LOC Properties is OFF. ]
Technology check ok...

Analyzing Verilog file C:/Program Files/Lattice/diamond/3.13/ispfpga/userware/NT/SYNTHESIS_HEADERS/machxo2.v. VERI-1482
Compile design.
Compile Design Begin
Analyzing Verilog file c:/users/enact/projects/fipsy-fpga-edu/examples/fipsyv1 - x02-256/2. blinky 2hz/project_files/source/blinky_rate_divider.v. VERI-1482
Analyzing Verilog file c:/users/enact/projects/fipsy-fpga-edu/examples/fipsyv1 - x02-256/2. blinky 2hz/project_files/source/freqdiv20bit.v. VERI-1482
Analyzing Verilog file C:/Program Files/Lattice/diamond/3.13/ispfpga/userware/NT/SYNTHESIS_HEADERS/machxo2.v. VERI-1482
Top module name (Verilog): MakeFPGA_Top
INFO - synthesis: c:/users/enact/projects/fipsy-fpga-edu/examples/fipsyv1 - x02-256/2. blinky 2hz/project_files/source/blinky_rate_divider.v(4): compiling module MakeFPGA_Top. VERI-1018
INFO - synthesis: C:/Program Files/Lattice/diamond/3.13/ispfpga/userware/NT/SYNTHESIS_HEADERS/machxo2.v(1793): compiling module OSCH. VERI-1018
INFO - synthesis: c:/users/enact/projects/fipsy-fpga-edu/examples/fipsyv1 - x02-256/2. blinky 2hz/project_files/source/freqdiv20bit.v(20): compiling module FreqDiv20Bit. VERI-1018
WARNING - synthesis: c:/users/enact/projects/fipsy-fpga-edu/examples/fipsyv1 - x02-256/2. blinky 2hz/project_files/source/freqdiv20bit.v(55): expression size 32 truncated to fit in target size 20. VERI-1209
Loading NGL library 'C:/Program Files/Lattice/diamond/3.13/ispfpga/xo2c00/data/xo2clib.ngl'...
Loading NGL library 'C:/Program Files/Lattice/diamond/3.13/ispfpga/mg5g00/data/mg5glib.ngl'...
Loading NGL library 'C:/Program Files/Lattice/diamond/3.13/ispfpga/or5g00/data/orc5glib.ngl'...
Loading device for application map from file 'xo2c256.nph' in environment: C:/Program Files/Lattice/diamond/3.13/ispfpga.
Package Status:                     Final          Version 1.41.
Top-level module name = MakeFPGA_Top.
######## Converting I/O port PIN7 to output.
######## Converting I/O port PIN8 to output.
######## Converting I/O port PIN9 to output.
######## Converting I/O port PIN10 to input.
######## Converting I/O port PIN11 to output.
######## Converting I/O port PIN12 to output.
######## Converting I/O port PIN13 to output.
######## Converting I/O port PIN14 to output.
######## Converting I/O port PIN17 to output.
######## Converting I/O port PIN18 to output.
######## Converting I/O port PIN19 to output.
######## Converting I/O port PIN20 to output.



GSR will not be inferred because no asynchronous signal was found in the netlist.
Applying 200.000000 MHz constraint to all clocks

WARNING - synthesis: No user .sdc file.
Results of NGD DRC are available in MakeFPGA_Top_drc.log.
Loading NGL library 'C:/Program Files/Lattice/diamond/3.13/ispfpga/xo2c00/data/xo2clib.ngl'...
Loading NGL library 'C:/Program Files/Lattice/diamond/3.13/ispfpga/mg5g00/data/mg5glib.ngl'...
Loading NGL library 'C:/Program Files/Lattice/diamond/3.13/ispfpga/or5g00/data/orc5glib.ngl'...
All blocks are expanded and NGD expansion is successful.
Writing NGD file FipsyBaseline_Implementation.ngd.

################### Begin Area Report (MakeFPGA_Top)######################
Number of register bits => 22 of 322 (6 % )
CCU2D => 11
FD1S3AX => 1
FD1S3AY => 1
FD1S3IX => 20
GSR => 1
IB => 1
OB => 12
OSCH => 1
################### End Area Report ##################

################### Begin BlackBox Report ######################
TSALL => 1
################### End BlackBox Report ##################

################### Begin Clock Report ######################
Clock Nets
Number of Clocks: 2
  Net : PIN11_c, loads : 21
  Net : FreqDiv20Bit_inst/PIN20_c_19, loads : 4
Clock Enable Nets
Number of Clock Enables: 0
Top 0 highest fanout Clock Enables:
Highest fanout non-clock nets
Top 10 highest fanout non-clock nets:
  Net : PIN10_c, loads : 20
  Net : LEDn_c, loads : 2
  Net : flop1, loads : 1
  Net : FreqDiv20Bit_inst/n20, loads : 1
  Net : FreqDiv20Bit_inst/n105, loads : 1
  Net : FreqDiv20Bit_inst/n86, loads : 1
  Net : FreqDiv20Bit_inst/n2, loads : 1
  Net : FreqDiv20Bit_inst/n87, loads : 1
  Net : FreqDiv20Bit_inst/n3, loads : 1
  Net : FreqDiv20Bit_inst/n88, loads : 1
################### End Clock Report ##################

Timing Report Summary
--------------
--------------------------------------------------------------------------------
Constraint                              |   Constraint|       Actual|Levels
--------------------------------------------------------------------------------
                                        |             |             |
create_clock -period 5.000000 -name     |             |             |
clk1 [get_nets PIN11_c]                 |  200.000 MHz|  181.028 MHz|    12 *
                                        |             |             |
create_clock -period 5.000000 -name     |             |             |
clk0 [get_nets PIN20_c_19]              |  200.000 MHz|  554.939 MHz|     1  
                                        |             |             |
--------------------------------------------------------------------------------


1 constraints not met.


Peak Memory Usage: 50.168  MB

--------------------------------------------------------------
Elapsed CPU time for LSE flow : 0.063  secs
--------------------------------------------------------------
