--------------------------------------------------------------------------------
Lattice Synthesis Timing Report, Version  
Fri Dec 08 16:23:11 2017

Copyright (c) 1991-1994 by NeoCAD Inc. All rights reserved.
Copyright (c) 1995 AT&T Corp.   All rights reserved.
Copyright (c) 1995-2001 Lucent Technologies Inc.  All rights reserved.
Copyright (c) 2001 Agere Systems   All rights reserved.
Copyright (c) 2002-2017 Lattice Semiconductor Corporation,  All rights reserved.

Report Information
------------------
Design:     Fipsy_Top
Constraint file:  
Report level:    verbose report, limited to 3 items per constraint
--------------------------------------------------------------------------------



================================================================================
Constraint: create_clock -period 1000.000000 -name clk0 [get_nets PIN11_c]
            219 items scored, 0 timing errors detected.
--------------------------------------------------------------------------------


Passed:  The following path meets requirements by 994.476ns

 Logical Details:  Cell type  Pin type       Cell name  (clock net +/-)

   Source:         FD1S3IX    CK             \FreqDiv20Bit_inst/count_8__i0  (from PIN11_c +)
   Destination:    FD1S3IX    D              \FreqDiv20Bit_inst/count_8__i19  (to PIN11_c +)

   Delay:                   5.364ns  (61.2% logic, 38.8% route), 12 logic levels.

 Constraint Details:

      5.364ns data_path \FreqDiv20Bit_inst/count_8__i0 to \FreqDiv20Bit_inst/count_8__i19 meets
    1000.000ns delay constraint less
      0.160ns L_S requirement (totaling 999.840ns) by 994.476ns

 Path Details: \FreqDiv20Bit_inst/count_8__i0 to \FreqDiv20Bit_inst/count_8__i19

   Name    Fanout   Delay (ns)          Pins               Resource(Cell.Net)
L_CO        ---     0.444             CK to Q              \FreqDiv20Bit_inst/count_8__i0 (from PIN11_c)
Route         1   e 0.941                                  \FreqDiv20Bit_inst/n20
A1_TO_FCO   ---     0.827           A[2] to COUT           \FreqDiv20Bit_inst/count_8_add_4_1
Route         1   e 0.020                                  \FreqDiv20Bit_inst/n28
FCI_TO_FCO  ---     0.157            CIN to COUT           \FreqDiv20Bit_inst/count_8_add_4_3
Route         1   e 0.020                                  \FreqDiv20Bit_inst/n29
FCI_TO_FCO  ---     0.157            CIN to COUT           \FreqDiv20Bit_inst/count_8_add_4_5
Route         1   e 0.020                                  \FreqDiv20Bit_inst/n30
FCI_TO_FCO  ---     0.157            CIN to COUT           \FreqDiv20Bit_inst/count_8_add_4_7
Route         1   e 0.020                                  \FreqDiv20Bit_inst/n31
FCI_TO_FCO  ---     0.157            CIN to COUT           \FreqDiv20Bit_inst/count_8_add_4_9
Route         1   e 0.020                                  \FreqDiv20Bit_inst/n32
FCI_TO_FCO  ---     0.157            CIN to COUT           \FreqDiv20Bit_inst/count_8_add_4_11
Route         1   e 0.020                                  \FreqDiv20Bit_inst/n33
FCI_TO_FCO  ---     0.157            CIN to COUT           \FreqDiv20Bit_inst/count_8_add_4_13
Route         1   e 0.020                                  \FreqDiv20Bit_inst/n34
FCI_TO_FCO  ---     0.157            CIN to COUT           \FreqDiv20Bit_inst/count_8_add_4_15
Route         1   e 0.020                                  \FreqDiv20Bit_inst/n35
FCI_TO_FCO  ---     0.157            CIN to COUT           \FreqDiv20Bit_inst/count_8_add_4_17
Route         1   e 0.020                                  \FreqDiv20Bit_inst/n36
FCI_TO_FCO  ---     0.157            CIN to COUT           \FreqDiv20Bit_inst/count_8_add_4_19
Route         1   e 0.020                                  \FreqDiv20Bit_inst/n37
FCI_TO_F    ---     0.598            CIN to S[2]           \FreqDiv20Bit_inst/count_8_add_4_21
Route         1   e 0.941                                  \FreqDiv20Bit_inst/n86
                  --------
                    5.364  (61.2% logic, 38.8% route), 12 logic levels.


Passed:  The following path meets requirements by 994.653ns

 Logical Details:  Cell type  Pin type       Cell name  (clock net +/-)

   Source:         FD1S3IX    CK             \FreqDiv20Bit_inst/count_8__i0  (from PIN11_c +)
   Destination:    FD1S3IX    D              \FreqDiv20Bit_inst/count_8__i18  (to PIN11_c +)

   Delay:                   5.187ns  (60.2% logic, 39.8% route), 11 logic levels.

 Constraint Details:

      5.187ns data_path \FreqDiv20Bit_inst/count_8__i0 to \FreqDiv20Bit_inst/count_8__i18 meets
    1000.000ns delay constraint less
      0.160ns L_S requirement (totaling 999.840ns) by 994.653ns

 Path Details: \FreqDiv20Bit_inst/count_8__i0 to \FreqDiv20Bit_inst/count_8__i18

   Name    Fanout   Delay (ns)          Pins               Resource(Cell.Net)
L_CO        ---     0.444             CK to Q              \FreqDiv20Bit_inst/count_8__i0 (from PIN11_c)
Route         1   e 0.941                                  \FreqDiv20Bit_inst/n20
A1_TO_FCO   ---     0.827           A[2] to COUT           \FreqDiv20Bit_inst/count_8_add_4_1
Route         1   e 0.020                                  \FreqDiv20Bit_inst/n28
FCI_TO_FCO  ---     0.157            CIN to COUT           \FreqDiv20Bit_inst/count_8_add_4_3
Route         1   e 0.020                                  \FreqDiv20Bit_inst/n29
FCI_TO_FCO  ---     0.157            CIN to COUT           \FreqDiv20Bit_inst/count_8_add_4_5
Route         1   e 0.020                                  \FreqDiv20Bit_inst/n30
FCI_TO_FCO  ---     0.157            CIN to COUT           \FreqDiv20Bit_inst/count_8_add_4_7
Route         1   e 0.020                                  \FreqDiv20Bit_inst/n31
FCI_TO_FCO  ---     0.157            CIN to COUT           \FreqDiv20Bit_inst/count_8_add_4_9
Route         1   e 0.020                                  \FreqDiv20Bit_inst/n32
FCI_TO_FCO  ---     0.157            CIN to COUT           \FreqDiv20Bit_inst/count_8_add_4_11
Route         1   e 0.020                                  \FreqDiv20Bit_inst/n33
FCI_TO_FCO  ---     0.157            CIN to COUT           \FreqDiv20Bit_inst/count_8_add_4_13
Route         1   e 0.020                                  \FreqDiv20Bit_inst/n34
FCI_TO_FCO  ---     0.157            CIN to COUT           \FreqDiv20Bit_inst/count_8_add_4_15
Route         1   e 0.020                                  \FreqDiv20Bit_inst/n35
FCI_TO_FCO  ---     0.157            CIN to COUT           \FreqDiv20Bit_inst/count_8_add_4_17
Route         1   e 0.020                                  \FreqDiv20Bit_inst/n36
FCI_TO_F    ---     0.598            CIN to S[2]           \FreqDiv20Bit_inst/count_8_add_4_19
Route         1   e 0.941                                  \FreqDiv20Bit_inst/n87
                  --------
                    5.187  (60.2% logic, 39.8% route), 11 logic levels.


Passed:  The following path meets requirements by 994.653ns

 Logical Details:  Cell type  Pin type       Cell name  (clock net +/-)

   Source:         FD1S3IX    CK             \FreqDiv20Bit_inst/count_8__i0  (from PIN11_c +)
   Destination:    FD1S3IX    D              \FreqDiv20Bit_inst/count_8__i17  (to PIN11_c +)

   Delay:                   5.187ns  (60.2% logic, 39.8% route), 11 logic levels.

 Constraint Details:

      5.187ns data_path \FreqDiv20Bit_inst/count_8__i0 to \FreqDiv20Bit_inst/count_8__i17 meets
    1000.000ns delay constraint less
      0.160ns L_S requirement (totaling 999.840ns) by 994.653ns

 Path Details: \FreqDiv20Bit_inst/count_8__i0 to \FreqDiv20Bit_inst/count_8__i17

   Name    Fanout   Delay (ns)          Pins               Resource(Cell.Net)
L_CO        ---     0.444             CK to Q              \FreqDiv20Bit_inst/count_8__i0 (from PIN11_c)
Route         1   e 0.941                                  \FreqDiv20Bit_inst/n20
A1_TO_FCO   ---     0.827           A[2] to COUT           \FreqDiv20Bit_inst/count_8_add_4_1
Route         1   e 0.020                                  \FreqDiv20Bit_inst/n28
FCI_TO_FCO  ---     0.157            CIN to COUT           \FreqDiv20Bit_inst/count_8_add_4_3
Route         1   e 0.020                                  \FreqDiv20Bit_inst/n29
FCI_TO_FCO  ---     0.157            CIN to COUT           \FreqDiv20Bit_inst/count_8_add_4_5
Route         1   e 0.020                                  \FreqDiv20Bit_inst/n30
FCI_TO_FCO  ---     0.157            CIN to COUT           \FreqDiv20Bit_inst/count_8_add_4_7
Route         1   e 0.020                                  \FreqDiv20Bit_inst/n31
FCI_TO_FCO  ---     0.157            CIN to COUT           \FreqDiv20Bit_inst/count_8_add_4_9
Route         1   e 0.020                                  \FreqDiv20Bit_inst/n32
FCI_TO_FCO  ---     0.157            CIN to COUT           \FreqDiv20Bit_inst/count_8_add_4_11
Route         1   e 0.020                                  \FreqDiv20Bit_inst/n33
FCI_TO_FCO  ---     0.157            CIN to COUT           \FreqDiv20Bit_inst/count_8_add_4_13
Route         1   e 0.020                                  \FreqDiv20Bit_inst/n34
FCI_TO_FCO  ---     0.157            CIN to COUT           \FreqDiv20Bit_inst/count_8_add_4_15
Route         1   e 0.020                                  \FreqDiv20Bit_inst/n35
FCI_TO_FCO  ---     0.157            CIN to COUT           \FreqDiv20Bit_inst/count_8_add_4_17
Route         1   e 0.020                                  \FreqDiv20Bit_inst/n36
FCI_TO_F    ---     0.598            CIN to S[2]           \FreqDiv20Bit_inst/count_8_add_4_19
Route         1   e 0.941                                  \FreqDiv20Bit_inst/n88
                  --------
                    5.187  (60.2% logic, 39.8% route), 11 logic levels.

Report: 5.524 ns is the maximum delay for this constraint.


Timing Report Summary
--------------
--------------------------------------------------------------------------------
Constraint                              |   Constraint|       Actual|Levels
--------------------------------------------------------------------------------
                                        |             |             |
create_clock -period 1000.000000 -name  |             |             |
clk0 [get_nets PIN11_c]                 |  1000.000 ns|     5.524 ns|    12  
                                        |             |             |
--------------------------------------------------------------------------------


All constraints were met.



Timing summary:
---------------

Timing errors: 0  Score: 0

Constraints cover  219 paths, 51 nets, and 70 connections (74.5% coverage)


Peak memory: 51179520 bytes, TRCE: 1617920 bytes, DLYMAN: 0 bytes
CPU_TIME_REPORT: 0 secs 
